#
# There is insufficient memory for the Java Runtime Environment to continue.
# Native memory allocation (malloc) failed to allocate 65552 bytes. Error detail: Chunk::new
# Possible reasons:
#   The system is out of physical RAM or swap space
#   This process is running with CompressedOops enabled, and the Java Heap may be blocking the growth of the native heap
# Possible solutions:
#   Reduce memory load on the system
#   Increase physical memory or swap space
#   Check if swap backing store is full
#   Decrease Java heap size (-Xmx/-Xms)
#   Decrease number of Java threads
#   Decrease Java thread stack sizes (-Xss)
#   Set larger code cache with -XX:ReservedCodeCacheSize=
#   JVM is running with Zero Based Compressed Oops mode in which the Java heap is
#     placed in the first 32GB address space. The Java Heap base address is the
#     maximum limit for the native heap growth. Please use -XX:HeapBaseMinAddress
#     to set the Java Heap base and to place the Java Heap above 32GB virtual address.
# This output file may be truncated or incomplete.
#
#  Out of Memory Error (arena.cpp:191), pid=27660, tid=31696
#
# JRE version: OpenJDK Runtime Environment Temurin-17.0.11+9 (17.0.11+9) (build 17.0.11+9)
# Java VM: OpenJDK 64-Bit Server VM Temurin-17.0.11+9 (17.0.11+9, mixed mode, tiered, compressed oops, compressed class ptrs, g1 gc, windows-amd64)
# No core dump will be written. Minidumps are not enabled by default on client versions of Windows
#

---------------  S U M M A R Y ------------

Command Line: -XX:MaxMetaspaceSize=2G -XX:+HeapDumpOnOutOfMemoryError --add-opens=java.base/java.util=ALL-UNNAMED --add-opens=java.base/java.lang=ALL-UNNAMED --add-opens=java.base/java.lang.invoke=ALL-UNNAMED --add-opens=java.prefs/java.util.prefs=ALL-UNNAMED --add-opens=java.base/java.nio.charset=ALL-UNNAMED --add-opens=java.base/java.net=ALL-UNNAMED --add-opens=java.base/java.util.concurrent.atomic=ALL-UNNAMED -Xmx4G -Dfile.encoding=utf8 -Duser.country=PH -Duser.language=en -Duser.variant org.gradle.launcher.daemon.bootstrap.GradleDaemon 7.6.3

Host: 12th Gen Intel(R) Core(TM) i5-12500H, 16 cores, 15G,  Windows 11 , 64 bit Build 22621 (10.0.22621.3958)
Time: Sat Aug 24 00:13:43 2024 Malay Peninsula Standard Time elapsed time: 46.182441 seconds (0d 0h 0m 46s)

---------------  T H R E A D  ---------------

Current thread (0x0000027f14696110):  JavaThread "C2 CompilerThread2" daemon [_thread_in_native, id=31696, stack(0x000000a673500000,0x000000a673600000)]


Current CompileTask:
C2:  46182 13471       4       org.gradle.internal.logging.text.AbstractLineChoppingStyledTextOutput::doAppend (43 bytes)

Stack: [0x000000a673500000,0x000000a673600000]
Native frames: (J=compiled Java code, j=interpreted, Vv=VM code, C=native code)
V  [jvm.dll+0x67d429]
V  [jvm.dll+0x834b7a]
V  [jvm.dll+0x83663e]
V  [jvm.dll+0x836ca3]
V  [jvm.dll+0x247dbf]
V  [jvm.dll+0xac534]
V  [jvm.dll+0xacb7c]
V  [jvm.dll+0xac63b]
V  [jvm.dll+0x65ac7c]
V  [jvm.dll+0x221699]
V  [jvm.dll+0x6a0681]
V  [jvm.dll+0x2195d9]
V  [jvm.dll+0x1a534d]
V  [jvm.dll+0x2295cd]
V  [jvm.dll+0x22779c]
V  [jvm.dll+0x7e9d07]
V  [jvm.dll+0x7e410a]
V  [jvm.dll+0x67c315]
C  [ucrtbase.dll+0x29333]
C  [KERNEL32.DLL+0x1257d]
C  [ntdll.dll+0x5af28]


---------------  P R O C E S S  ---------------

Threads class SMR info:
_java_thread_list=0x0000027f0f5fdef0, length=241, elements={
0x0000027f67ebdff0, 0x0000027f0d078020, 0x0000027f0d079f80, 0x0000027f0d0a8ca0,
0x0000027f0d0aa870, 0x0000027f0d0ae250, 0x0000027f0d0aec10, 0x0000027f0d0b0820,
0x0000027f0d0b11e0, 0x0000027f0d0b3b00, 0x0000027f0d2444f0, 0x0000027f0d274080,
0x0000027f0f533610, 0x0000027f0e719e20, 0x0000027f0f567880, 0x0000027f0e748a90,
0x0000027f0ee30d00, 0x0000027f0ed27850, 0x0000027f0ebaca50, 0x0000027f0ebacf60,
0x0000027f0ebac030, 0x0000027f0ebabb20, 0x0000027f0ebade90, 0x0000027f0ebad980,
0x0000027f0ebaa6e0, 0x0000027f0ebaabf0, 0x0000027f0ebab100, 0x0000027f1020a820,
0x0000027f0ebab610, 0x0000027f0d5e2280, 0x0000027f0d5e45f0, 0x0000027f0d5dead0,
0x0000027f0d5e3bd0, 0x0000027f0d5e2790, 0x0000027f0d5e1860, 0x0000027f0d5e5010,
0x0000027f0d5e1d70, 0x0000027f0d5e40e0, 0x0000027f0d5e4b00, 0x0000027f0e1e86d0,
0x0000027f0ff3b540, 0x0000027f0d5defe0, 0x0000027f0d5df4f0, 0x0000027f0d5e0420,
0x0000027f0d5e0930, 0x0000027f0d5e0e40, 0x0000027f0d5e1350, 0x0000027f115733b0,
0x0000027f11571550, 0x0000027f11572990, 0x0000027f11575c30, 0x0000027f11572480,
0x0000027f11575720, 0x0000027f11572ea0, 0x0000027f11571a60, 0x0000027f11576b60,
0x0000027f115738c0, 0x0000027f11571f70, 0x0000027f11570110, 0x0000027f11570b30,
0x0000027f11577a90, 0x0000027f11576140, 0x0000027f11570620, 0x0000027f11571040,
0x0000027f115742e0, 0x0000027f115747f0, 0x0000027f11574d00, 0x0000027f11576650,
0x0000027f11575210, 0x0000027f0d9027d0, 0x0000027f0d8fe600, 0x0000027f0d8ffa40,
0x0000027f0d8fd1c0, 0x0000027f0d8fdbe0, 0x0000027f0d903700, 0x0000027f0d900e80,
0x0000027f0d903c10, 0x0000027f0d901db0, 0x0000027f0d900970, 0x0000027f0d904b40,
0x0000027f0d902ce0, 0x0000027f0d8fff50, 0x0000027f0d9031f0, 0x0000027f0d901390,
0x0000027f0d8feb10, 0x0000027f0d904120, 0x0000027f0d900460, 0x0000027f0d904630,
0x0000027f0d8fd6d0, 0x0000027f0d8ff020, 0x0000027f0d8fe0f0, 0x0000027f0d8ff530,
0x0000027f11a476a0, 0x0000027f11a44e20, 0x0000027f11a47190, 0x0000027f11a45330,
0x0000027f11a46770, 0x0000027f11a45840, 0x0000027f11a46c80, 0x0000027f11a45d50,
0x0000027f11a46260, 0x0000027f11a47bb0, 0x0000027f11a480c0, 0x0000027f11a44910,
0x0000027f120373f0, 0x0000027f12038d40, 0x0000027f12033730, 0x0000027f120318d0,
0x0000027f12034660, 0x0000027f12035080, 0x0000027f12035aa0, 0x0000027f12034b70,
0x0000027f12035590, 0x0000027f12038830, 0x0000027f12035fb0, 0x0000027f12032d10,
0x0000027f12039250, 0x0000027f12031de0, 0x0000027f120322f0, 0x0000027f12037900,
0x0000027f120364c0, 0x0000027f12033220, 0x0000027f12032800, 0x0000027f120369d0,
0x0000027f12037e10, 0x0000027f12036ee0, 0x0000027f12038320, 0x0000027f12033c40,
0x0000027f12034150, 0x0000027f123f0680, 0x0000027f123eb070, 0x0000027f123ebfa0,
0x0000027f123f10a0, 0x0000027f123ee310, 0x0000027f123ef240, 0x0000027f123e9c30,
0x0000027f123ee820, 0x0000027f123ea140, 0x0000027f123ed8f0, 0x0000027f123f0b90,
0x0000027f123f0170, 0x0000027f123ede00, 0x0000027f123ec4b0, 0x0000027f123ef750,
0x0000027f123efc60, 0x0000027f123eba90, 0x0000027f123f15b0, 0x0000027f123eed30,
0x0000027f123ec9c0, 0x0000027f123ea650, 0x0000027f123eced0, 0x0000027f123eb580,
0x0000027f123ed3e0, 0x0000027f0ef4dea0, 0x0000027f0ef4fd00, 0x0000027f0ef4b620,
0x0000027f0ef4a6f0, 0x0000027f0ef4ac00, 0x0000027f0ef4bb30, 0x0000027f0ef4b110,
0x0000027f0ef4ca60, 0x0000027f0ef49cd0, 0x0000027f0ef4f2e0, 0x0000027f0ef4cf70,
0x0000027f0ef497c0, 0x0000027f0ef492b0, 0x0000027f0ef4c040, 0x0000027f0ef4d990,
0x0000027f0ef4c550, 0x0000027f0ef4f7f0, 0x0000027f0ef4d480, 0x0000027f0ef4e3b0,
0x0000027f0ef4a1e0, 0x0000027f0ef4e8c0, 0x0000027f0ef50210, 0x0000027f0ef4edd0,
0x0000027f0ef50720, 0x0000027f0ef50c30, 0x0000027f123eab60, 0x0000027f10894560,
0x0000027f10894a70, 0x0000027f10892c10, 0x0000027f1088f970, 0x0000027f10895490,
0x0000027f10890db0, 0x0000027f10894f80, 0x0000027f10891ce0, 0x0000027f10893120,
0x0000027f108959a0, 0x0000027f10895eb0, 0x0000027f108908a0, 0x0000027f10890390,
0x0000027f10893b40, 0x0000027f10893630, 0x0000027f108917d0, 0x0000027f108921f0,
0x0000027f1088fe80, 0x0000027f108912c0, 0x0000027f10894050, 0x0000027f108963c0,
0x0000027f10892700, 0x0000027f108968d0, 0x0000027f1088f460, 0x0000027f10896de0,
0x0000027f12789700, 0x0000027f12789c10, 0x0000027f1278fc40, 0x0000027f1278a120,
0x0000027f1278f730, 0x0000027f1278a630, 0x0000027f1278ed10, 0x0000027f12790150,
0x0000027f1278c490, 0x0000027f1278b050, 0x0000027f1278ab40, 0x0000027f1278b560,
0x0000027f1278c9a0, 0x0000027f127891f0, 0x0000027f1278f220, 0x0000027f1278ceb0,
0x0000027f1278d3c0, 0x0000027f1278d8d0, 0x0000027f1278ba70, 0x0000027f1278bf80,
0x0000027f1278dde0, 0x0000027f1278e2f0, 0x0000027f1278e800, 0x0000027f12788ce0,
0x0000027f12790660, 0x0000027f0e431730, 0x0000027f0e42cb40, 0x0000027f0e431c40,
0x0000027f0e42bc10, 0x0000027f0e432150, 0x0000027f0e431220, 0x0000027f0e45d160,
0x0000027f14696110, 0x0000027f0e42d560, 0x0000027f0e433fb0, 0x0000027f0e4344c0,
0x0000027f0e4302f0
}

Java Threads: ( => current thread )
  0x0000027f67ebdff0 JavaThread "main" [_thread_blocked, id=27616, stack(0x000000a663100000,0x000000a663200000)]
  0x0000027f0d078020 JavaThread "Reference Handler" daemon [_thread_blocked, id=28780, stack(0x000000a663800000,0x000000a663900000)]
  0x0000027f0d079f80 JavaThread "Finalizer" daemon [_thread_blocked, id=24728, stack(0x000000a663900000,0x000000a663a00000)]
  0x0000027f0d0a8ca0 JavaThread "Signal Dispatcher" daemon [_thread_blocked, id=1748, stack(0x000000a663a00000,0x000000a663b00000)]
  0x0000027f0d0aa870 JavaThread "Attach Listener" daemon [_thread_blocked, id=14328, stack(0x000000a663b00000,0x000000a663c00000)]
  0x0000027f0d0ae250 JavaThread "Service Thread" daemon [_thread_blocked, id=25784, stack(0x000000a663c00000,0x000000a663d00000)]
  0x0000027f0d0aec10 JavaThread "Monitor Deflation Thread" daemon [_thread_blocked, id=29072, stack(0x000000a663d00000,0x000000a663e00000)]
  0x0000027f0d0b0820 JavaThread "C2 CompilerThread0" daemon [_thread_blocked, id=2848, stack(0x000000a663e00000,0x000000a663f00000)]
  0x0000027f0d0b11e0 JavaThread "C1 CompilerThread0" daemon [_thread_blocked, id=30396, stack(0x000000a663f00000,0x000000a664000000)]
  0x0000027f0d0b3b00 JavaThread "Sweeper thread" daemon [_thread_blocked, id=26016, stack(0x000000a664000000,0x000000a664100000)]
  0x0000027f0d2444f0 JavaThread "Common-Cleaner" daemon [_thread_blocked, id=27136, stack(0x000000a664400000,0x000000a664500000)]
  0x0000027f0d274080 JavaThread "Notification Thread" daemon [_thread_blocked, id=15288, stack(0x000000a664500000,0x000000a664600000)]
  0x0000027f0f533610 JavaThread "Daemon health stats" [_thread_blocked, id=6736, stack(0x000000a664f00000,0x000000a665000000)]
  0x0000027f0e719e20 JavaThread "Incoming local TCP Connector on port 52485" [_thread_in_native, id=9592, stack(0x000000a665000000,0x000000a665100000)]
  0x0000027f0f567880 JavaThread "Daemon periodic checks" [_thread_blocked, id=28312, stack(0x000000a665100000,0x000000a665200000)]
  0x0000027f0e748a90 JavaThread "Daemon" [_thread_blocked, id=2428, stack(0x000000a665200000,0x000000a665300000)]
  0x0000027f0ee30d00 JavaThread "Handler for socket connection from /127.0.0.1:52485 to /127.0.0.1:52486" [_thread_in_native, id=24096, stack(0x000000a665300000,0x000000a665400000)]
  0x0000027f0ed27850 JavaThread "Cancel handler" [_thread_blocked, id=7000, stack(0x000000a665400000,0x000000a665500000)]
  0x0000027f0ebaca50 JavaThread "Daemon worker" [_thread_in_vm, id=27584, stack(0x000000a665500000,0x000000a665600000)]
  0x0000027f0ebacf60 JavaThread "Asynchronous log dispatcher for DefaultDaemonConnection: socket connection from /127.0.0.1:52485 to /127.0.0.1:52486" [_thread_blocked, id=24364, stack(0x000000a665600000,0x000000a665700000)]
  0x0000027f0ebac030 JavaThread "Stdin handler" [_thread_blocked, id=7300, stack(0x000000a665700000,0x000000a665800000)]
  0x0000027f0ebabb20 JavaThread "Daemon client event forwarder" [_thread_blocked, id=3452, stack(0x000000a665800000,0x000000a665900000)]
  0x0000027f0ebade90 JavaThread "Cache worker for journal cache (C:\Users\pinku\.gradle\caches\journal-1)" [_thread_blocked, id=1464, stack(0x000000a665900000,0x000000a665a00000)]
  0x0000027f0ebad980 JavaThread "File lock request listener" [_thread_in_native, id=26568, stack(0x000000a665a00000,0x000000a665b00000)]
  0x0000027f0ebaa6e0 JavaThread "Cache worker for file hash cache (C:\Users\pinku\.gradle\caches\7.6.3\fileHashes)" [_thread_blocked, id=30680, stack(0x000000a664800000,0x000000a664900000)]
  0x0000027f0ebaabf0 JavaThread "File watcher server" daemon [_thread_in_native, id=24900, stack(0x000000a664100000,0x000000a664200000)]
  0x0000027f0ebab100 JavaThread "File watcher consumer" daemon [_thread_blocked, id=25492, stack(0x000000a664200000,0x000000a664300000)]
  0x0000027f1020a820 JavaThread "C1 CompilerThread1" daemon [_thread_blocked, id=384, stack(0x000000a664300000,0x000000a664400000)]
  0x0000027f0ebab610 JavaThread "jar transforms" [_thread_blocked, id=25844, stack(0x000000a664700000,0x000000a664800000)]
  0x0000027f0d5e2280 JavaThread "jar transforms Thread 2" [_thread_blocked, id=30232, stack(0x000000a666300000,0x000000a666400000)]
  0x0000027f0d5e45f0 JavaThread "jar transforms Thread 3" [_thread_blocked, id=6476, stack(0x000000a666400000,0x000000a666500000)]
  0x0000027f0d5dead0 JavaThread "Cache worker for checksums cache (C:\Users\pinku\Documents\PROJECTS\Remindee\remindee_app\android\.gradle\7.6.3\checksums)" [_thread_blocked, id=29744, stack(0x000000a666700000,0x000000a666800000)]
  0x0000027f0d5e3bd0 JavaThread "Cache worker for cache directory md-rule (C:\Users\pinku\.gradle\caches\7.6.3\md-rule)" [_thread_blocked, id=28920, stack(0x000000a666800000,0x000000a666900000)]
  0x0000027f0d5e2790 JavaThread "Cache worker for file content cache (C:\Users\pinku\.gradle\caches\7.6.3\fileContent)" [_thread_blocked, id=22968, stack(0x000000a666600000,0x000000a666700000)]
  0x0000027f0d5e1860 JavaThread "Cache worker for file hash cache (C:\Users\pinku\Documents\PROJECTS\Remindee\remindee_app\android\.gradle\7.6.3\fileHashes)" [_thread_blocked, id=20580, stack(0x000000a666900000,0x000000a666a00000)]
  0x0000027f0d5e5010 JavaThread "Cache worker for cache directory md-supplier (C:\Users\pinku\.gradle\caches\7.6.3\md-supplier)" [_thread_blocked, id=9964, stack(0x000000a666a00000,0x000000a666b00000)]
  0x0000027f0d5e1d70 JavaThread "Cache worker for execution history cache (C:\Users\pinku\.gradle\caches\7.6.3\executionHistory)" [_thread_blocked, id=4768, stack(0x000000a666b00000,0x000000a666c00000)]
  0x0000027f0d5e40e0 JavaThread "jar transforms Thread 4" [_thread_blocked, id=9820, stack(0x000000a666c00000,0x000000a666d00000)]
  0x0000027f0d5e4b00 JavaThread "jar transforms Thread 5" [_thread_blocked, id=460, stack(0x000000a666d00000,0x000000a666e00000)]
  0x0000027f0e1e86d0 JavaThread "C1 CompilerThread2" daemon [_thread_blocked, id=29776, stack(0x000000a666f00000,0x000000a667000000)]
  0x0000027f0ff3b540 JavaThread "C1 CompilerThread3" daemon [_thread_blocked, id=28016, stack(0x000000a667000000,0x000000a667100000)]
  0x0000027f0d5defe0 JavaThread "jar transforms Thread 6" [_thread_blocked, id=30004, stack(0x000000a667100000,0x000000a667200000)]
  0x0000027f0d5df4f0 JavaThread "jar transforms Thread 7" [_thread_blocked, id=30240, stack(0x000000a667200000,0x000000a667300000)]
  0x0000027f0d5e0420 JavaThread "jar transforms Thread 8" [_thread_blocked, id=11828, stack(0x000000a667300000,0x000000a667400000)]
  0x0000027f0d5e0930 JavaThread "jar transforms Thread 9" [_thread_blocked, id=13480, stack(0x000000a667400000,0x000000a667500000)]
  0x0000027f0d5e0e40 JavaThread "jar transforms Thread 10" [_thread_blocked, id=8496, stack(0x000000a667500000,0x000000a667600000)]
  0x0000027f0d5e1350 JavaThread "Cache worker for kotlin-dsl (C:\Users\pinku\.gradle\caches\7.6.3\kotlin-dsl)" [_thread_blocked, id=27968, stack(0x000000a667700000,0x000000a667800000)]
  0x0000027f115733b0 JavaThread "jar transforms Thread 11" [_thread_blocked, id=27232, stack(0x000000a667600000,0x000000a667700000)]
  0x0000027f11571550 JavaThread "Cache worker for dependencies-accessors (C:\Users\pinku\Documents\PROJECTS\Remindee\remindee_app\android\.gradle\7.6.3\dependencies-accessors)" [_thread_blocked, id=17076, stack(0x000000a667800000,0x000000a667900000)]
  0x0000027f11572990 JavaThread "Cache worker for Build Output Cleanup Cache (C:\flutter\packages\flutter_tools\gradle\.gradle\buildOutputCleanup)" [_thread_blocked, id=27484, stack(0x000000a667900000,0x000000a667a00000)]
  0x0000027f11575c30 JavaThread "jar transforms Thread 12" [_thread_blocked, id=29144, stack(0x000000a667a00000,0x000000a667b00000)]
  0x0000027f11572480 JavaThread "Memory manager" [_thread_blocked, id=4616, stack(0x000000a667b00000,0x000000a667c00000)]
  0x0000027f11575720 JavaThread "jar transforms Thread 13" [_thread_blocked, id=1876, stack(0x000000a667c00000,0x000000a667d00000)]
  0x0000027f11572ea0 JavaThread "included builds" [_thread_blocked, id=30480, stack(0x000000a667e00000,0x000000a667f00000)]
  0x0000027f11571a60 JavaThread "Execution worker" [_thread_blocked, id=11816, stack(0x000000a667f00000,0x000000a668000000)]
  0x0000027f11576b60 JavaThread "Execution worker Thread 2" [_thread_blocked, id=28520, stack(0x000000a668000000,0x000000a668100000)]
  0x0000027f115738c0 JavaThread "Execution worker Thread 3" [_thread_blocked, id=19724, stack(0x000000a668100000,0x000000a668200000)]
  0x0000027f11571f70 JavaThread "Execution worker Thread 4" [_thread_blocked, id=10148, stack(0x000000a668200000,0x000000a668300000)]
  0x0000027f11570110 JavaThread "Execution worker Thread 5" [_thread_blocked, id=1400, stack(0x000000a668300000,0x000000a668400000)]
  0x0000027f11570b30 JavaThread "Execution worker Thread 6" [_thread_blocked, id=1480, stack(0x000000a668400000,0x000000a668500000)]
  0x0000027f11577a90 JavaThread "Execution worker Thread 7" [_thread_blocked, id=15608, stack(0x000000a668500000,0x000000a668600000)]
  0x0000027f11576140 JavaThread "Execution worker Thread 8" [_thread_blocked, id=24744, stack(0x000000a668600000,0x000000a668700000)]
  0x0000027f11570620 JavaThread "Execution worker Thread 9" [_thread_blocked, id=29952, stack(0x000000a668700000,0x000000a668800000)]
  0x0000027f11571040 JavaThread "Execution worker Thread 10" [_thread_blocked, id=10516, stack(0x000000a668800000,0x000000a668900000)]
  0x0000027f115742e0 JavaThread "Execution worker Thread 11" [_thread_blocked, id=27680, stack(0x000000a668900000,0x000000a668a00000)]
  0x0000027f115747f0 JavaThread "Execution worker Thread 12" [_thread_blocked, id=24632, stack(0x000000a668a00000,0x000000a668b00000)]
  0x0000027f11574d00 JavaThread "Execution worker Thread 13" [_thread_blocked, id=26476, stack(0x000000a668b00000,0x000000a668c00000)]
  0x0000027f11576650 JavaThread "Execution worker Thread 14" [_thread_blocked, id=25636, stack(0x000000a668c00000,0x000000a668d00000)]
  0x0000027f11575210 JavaThread "Execution worker Thread 15" [_thread_blocked, id=27504, stack(0x000000a668d00000,0x000000a668e00000)]
  0x0000027f0d9027d0 JavaThread "Cache worker for execution history cache (C:\flutter\packages\flutter_tools\gradle\.gradle\7.6.3\executionHistory)" [_thread_blocked, id=29864, stack(0x000000a668e00000,0x000000a668f00000)]
  0x0000027f0d8fe600 JavaThread "Unconstrained build operations" [_thread_blocked, id=25872, stack(0x000000a668f00000,0x000000a669000000)]
  0x0000027f0d8ffa40 JavaThread "Unconstrained build operations Thread 2" [_thread_blocked, id=29068, stack(0x000000a669000000,0x000000a669100000)]
  0x0000027f0d8fd1c0 JavaThread "Unconstrained build operations Thread 3" [_thread_blocked, id=28784, stack(0x000000a669100000,0x000000a669200000)]
  0x0000027f0d8fdbe0 JavaThread "Unconstrained build operations Thread 4" [_thread_blocked, id=26076, stack(0x000000a669200000,0x000000a669300000)]
  0x0000027f0d903700 JavaThread "Unconstrained build operations Thread 5" [_thread_blocked, id=28540, stack(0x000000a669300000,0x000000a669400000)]
  0x0000027f0d900e80 JavaThread "Unconstrained build operations Thread 6" [_thread_blocked, id=21884, stack(0x000000a669400000,0x000000a669500000)]
  0x0000027f0d903c10 JavaThread "Unconstrained build operations Thread 7" [_thread_blocked, id=24672, stack(0x000000a669500000,0x000000a669600000)]
  0x0000027f0d901db0 JavaThread "Unconstrained build operations Thread 8" [_thread_blocked, id=26056, stack(0x000000a669600000,0x000000a669700000)]
  0x0000027f0d900970 JavaThread "Unconstrained build operations Thread 9" [_thread_blocked, id=25132, stack(0x000000a669700000,0x000000a669800000)]
  0x0000027f0d904b40 JavaThread "Unconstrained build operations Thread 10" [_thread_blocked, id=27148, stack(0x000000a669800000,0x000000a669900000)]
  0x0000027f0d902ce0 JavaThread "Unconstrained build operations Thread 11" [_thread_blocked, id=21000, stack(0x000000a666500000,0x000000a666600000)]
  0x0000027f0d8fff50 JavaThread "Unconstrained build operations Thread 12" [_thread_blocked, id=1788, stack(0x000000a666e00000,0x000000a666f00000)]
  0x0000027f0d9031f0 JavaThread "Unconstrained build operations Thread 13" [_thread_blocked, id=28940, stack(0x000000a667d00000,0x000000a667e00000)]
  0x0000027f0d901390 JavaThread "Unconstrained build operations Thread 14" [_thread_blocked, id=29800, stack(0x000000a669b00000,0x000000a669c00000)]
  0x0000027f0d8feb10 JavaThread "Unconstrained build operations Thread 15" [_thread_blocked, id=30316, stack(0x000000a669c00000,0x000000a669d00000)]
  0x0000027f0d904120 JavaThread "Unconstrained build operations Thread 16" [_thread_blocked, id=24596, stack(0x000000a669d00000,0x000000a669e00000)]
  0x0000027f0d900460 JavaThread "Unconstrained build operations Thread 17" [_thread_blocked, id=19180, stack(0x000000a669e00000,0x000000a669f00000)]
  0x0000027f0d904630 JavaThread "Unconstrained build operations Thread 18" [_thread_blocked, id=11140, stack(0x000000a669f00000,0x000000a66a000000)]
  0x0000027f0d8fd6d0 JavaThread "Unconstrained build operations Thread 19" [_thread_blocked, id=26120, stack(0x000000a66a000000,0x000000a66a100000)]
  0x0000027f0d8ff020 JavaThread "Unconstrained build operations Thread 20" [_thread_blocked, id=5040, stack(0x000000a66a100000,0x000000a66a200000)]
  0x0000027f0d8fe0f0 JavaThread "Unconstrained build operations Thread 21" [_thread_blocked, id=27476, stack(0x000000a66a200000,0x000000a66a300000)]
  0x0000027f0d8ff530 JavaThread "Unconstrained build operations Thread 22" [_thread_blocked, id=11500, stack(0x000000a66a300000,0x000000a66a400000)]
  0x0000027f11a476a0 JavaThread "Unconstrained build operations Thread 23" [_thread_blocked, id=29740, stack(0x000000a66a400000,0x000000a66a500000)]
  0x0000027f11a44e20 JavaThread "Unconstrained build operations Thread 24" [_thread_blocked, id=30468, stack(0x000000a66a500000,0x000000a66a600000)]
  0x0000027f11a47190 JavaThread "Unconstrained build operations Thread 25" [_thread_blocked, id=29760, stack(0x000000a66a600000,0x000000a66a700000)]
  0x0000027f11a45330 JavaThread "Unconstrained build operations Thread 26" [_thread_blocked, id=28932, stack(0x000000a66a700000,0x000000a66a800000)]
  0x0000027f11a46770 JavaThread "Unconstrained build operations Thread 27" [_thread_blocked, id=27324, stack(0x000000a66a800000,0x000000a66a900000)]
  0x0000027f11a45840 JavaThread "Unconstrained build operations Thread 28" [_thread_blocked, id=30596, stack(0x000000a66a900000,0x000000a66aa00000)]
  0x0000027f11a46c80 JavaThread "Unconstrained build operations Thread 29" [_thread_blocked, id=26228, stack(0x000000a66aa00000,0x000000a66ab00000)]
  0x0000027f11a45d50 JavaThread "Unconstrained build operations Thread 30" [_thread_blocked, id=28924, stack(0x000000a66ab00000,0x000000a66ac00000)]
  0x0000027f11a46260 JavaThread "Unconstrained build operations Thread 31" [_thread_blocked, id=16600, stack(0x000000a66ac00000,0x000000a66ad00000)]
  0x0000027f11a47bb0 JavaThread "Unconstrained build operations Thread 32" [_thread_blocked, id=29752, stack(0x000000a66ad00000,0x000000a66ae00000)]
  0x0000027f11a480c0 JavaThread "Unconstrained build operations Thread 33" [_thread_blocked, id=4808, stack(0x000000a66ae00000,0x000000a66af00000)]
  0x0000027f11a44910 JavaThread "Unconstrained build operations Thread 34" [_thread_blocked, id=5824, stack(0x000000a66af00000,0x000000a66b000000)]
  0x0000027f120373f0 JavaThread "Unconstrained build operations Thread 35" [_thread_blocked, id=23344, stack(0x000000a66b000000,0x000000a66b100000)]
  0x0000027f12038d40 JavaThread "Unconstrained build operations Thread 36" [_thread_blocked, id=6324, stack(0x000000a66b100000,0x000000a66b200000)]
  0x0000027f12033730 JavaThread "Unconstrained build operations Thread 37" [_thread_blocked, id=25092, stack(0x000000a66b200000,0x000000a66b300000)]
  0x0000027f120318d0 JavaThread "Unconstrained build operations Thread 38" [_thread_blocked, id=27508, stack(0x000000a66b300000,0x000000a66b400000)]
  0x0000027f12034660 JavaThread "Unconstrained build operations Thread 39" [_thread_blocked, id=24060, stack(0x000000a66b400000,0x000000a66b500000)]
  0x0000027f12035080 JavaThread "Unconstrained build operations Thread 40" [_thread_blocked, id=23124, stack(0x000000a66b500000,0x000000a66b600000)]
  0x0000027f12035aa0 JavaThread "Unconstrained build operations Thread 41" [_thread_blocked, id=7848, stack(0x000000a66b600000,0x000000a66b700000)]
  0x0000027f12034b70 JavaThread "Unconstrained build operations Thread 42" [_thread_blocked, id=13148, stack(0x000000a66b700000,0x000000a66b800000)]
  0x0000027f12035590 JavaThread "Unconstrained build operations Thread 43" [_thread_blocked, id=19340, stack(0x000000a66b800000,0x000000a66b900000)]
  0x0000027f12038830 JavaThread "Unconstrained build operations Thread 44" [_thread_blocked, id=1952, stack(0x000000a66b900000,0x000000a66ba00000)]
  0x0000027f12035fb0 JavaThread "Unconstrained build operations Thread 45" [_thread_blocked, id=8624, stack(0x000000a66ba00000,0x000000a66bb00000)]
  0x0000027f12032d10 JavaThread "Unconstrained build operations Thread 46" [_thread_blocked, id=26344, stack(0x000000a66bb00000,0x000000a66bc00000)]
  0x0000027f12039250 JavaThread "Unconstrained build operations Thread 47" [_thread_blocked, id=27840, stack(0x000000a66bc00000,0x000000a66bd00000)]
  0x0000027f12031de0 JavaThread "Unconstrained build operations Thread 48" [_thread_blocked, id=17068, stack(0x000000a66bd00000,0x000000a66be00000)]
  0x0000027f120322f0 JavaThread "Unconstrained build operations Thread 49" [_thread_blocked, id=30640, stack(0x000000a66be00000,0x000000a66bf00000)]
  0x0000027f12037900 JavaThread "Unconstrained build operations Thread 50" [_thread_blocked, id=29108, stack(0x000000a66bf00000,0x000000a66c000000)]
  0x0000027f120364c0 JavaThread "Unconstrained build operations Thread 51" [_thread_blocked, id=14924, stack(0x000000a66c000000,0x000000a66c100000)]
  0x0000027f12033220 JavaThread "Unconstrained build operations Thread 52" [_thread_blocked, id=30172, stack(0x000000a66c100000,0x000000a66c200000)]
  0x0000027f12032800 JavaThread "Unconstrained build operations Thread 53" [_thread_blocked, id=24128, stack(0x000000a66c200000,0x000000a66c300000)]
  0x0000027f120369d0 JavaThread "Unconstrained build operations Thread 54" [_thread_blocked, id=30460, stack(0x000000a66c300000,0x000000a66c400000)]
  0x0000027f12037e10 JavaThread "Unconstrained build operations Thread 55" [_thread_blocked, id=7872, stack(0x000000a66c400000,0x000000a66c500000)]
  0x0000027f12036ee0 JavaThread "Unconstrained build operations Thread 56" [_thread_blocked, id=27628, stack(0x000000a66c500000,0x000000a66c600000)]
  0x0000027f12038320 JavaThread "Unconstrained build operations Thread 57" [_thread_blocked, id=30320, stack(0x000000a66c600000,0x000000a66c700000)]
  0x0000027f12033c40 JavaThread "Unconstrained build operations Thread 58" [_thread_blocked, id=26908, stack(0x000000a66c700000,0x000000a66c800000)]
  0x0000027f12034150 JavaThread "Unconstrained build operations Thread 59" [_thread_blocked, id=15460, stack(0x000000a66c800000,0x000000a66c900000)]
  0x0000027f123f0680 JavaThread "Unconstrained build operations Thread 60" [_thread_blocked, id=11704, stack(0x000000a66c900000,0x000000a66ca00000)]
  0x0000027f123eb070 JavaThread "Unconstrained build operations Thread 61" [_thread_blocked, id=23132, stack(0x000000a66ca00000,0x000000a66cb00000)]
  0x0000027f123ebfa0 JavaThread "Unconstrained build operations Thread 62" [_thread_blocked, id=29820, stack(0x000000a66cb00000,0x000000a66cc00000)]
  0x0000027f123f10a0 JavaThread "Unconstrained build operations Thread 63" [_thread_blocked, id=27104, stack(0x000000a66cc00000,0x000000a66cd00000)]
  0x0000027f123ee310 JavaThread "Unconstrained build operations Thread 64" [_thread_blocked, id=30724, stack(0x000000a66cd00000,0x000000a66ce00000)]
  0x0000027f123ef240 JavaThread "Unconstrained build operations Thread 65" [_thread_blocked, id=30728, stack(0x000000a66ce00000,0x000000a66cf00000)]
  0x0000027f123e9c30 JavaThread "Unconstrained build operations Thread 66" [_thread_blocked, id=30732, stack(0x000000a66cf00000,0x000000a66d000000)]
  0x0000027f123ee820 JavaThread "Unconstrained build operations Thread 67" [_thread_blocked, id=30736, stack(0x000000a66d000000,0x000000a66d100000)]
  0x0000027f123ea140 JavaThread "Unconstrained build operations Thread 68" [_thread_blocked, id=30740, stack(0x000000a66d100000,0x000000a66d200000)]
  0x0000027f123ed8f0 JavaThread "Unconstrained build operations Thread 69" [_thread_blocked, id=30744, stack(0x000000a66d200000,0x000000a66d300000)]
  0x0000027f123f0b90 JavaThread "Unconstrained build operations Thread 70" [_thread_blocked, id=30748, stack(0x000000a66d300000,0x000000a66d400000)]
  0x0000027f123f0170 JavaThread "Unconstrained build operations Thread 71" [_thread_blocked, id=30752, stack(0x000000a66d400000,0x000000a66d500000)]
  0x0000027f123ede00 JavaThread "Unconstrained build operations Thread 72" [_thread_blocked, id=30756, stack(0x000000a66d500000,0x000000a66d600000)]
  0x0000027f123ec4b0 JavaThread "Unconstrained build operations Thread 73" [_thread_blocked, id=30760, stack(0x000000a66d600000,0x000000a66d700000)]
  0x0000027f123ef750 JavaThread "Unconstrained build operations Thread 74" [_thread_blocked, id=30764, stack(0x000000a66d700000,0x000000a66d800000)]
  0x0000027f123efc60 JavaThread "Unconstrained build operations Thread 75" [_thread_blocked, id=30768, stack(0x000000a66d800000,0x000000a66d900000)]
  0x0000027f123eba90 JavaThread "Unconstrained build operations Thread 76" [_thread_blocked, id=30772, stack(0x000000a66d900000,0x000000a66da00000)]
  0x0000027f123f15b0 JavaThread "Unconstrained build operations Thread 77" [_thread_blocked, id=30776, stack(0x000000a66da00000,0x000000a66db00000)]
  0x0000027f123eed30 JavaThread "Unconstrained build operations Thread 78" [_thread_blocked, id=30780, stack(0x000000a66db00000,0x000000a66dc00000)]
  0x0000027f123ec9c0 JavaThread "Unconstrained build operations Thread 79" [_thread_blocked, id=30784, stack(0x000000a66dc00000,0x000000a66dd00000)]
  0x0000027f123ea650 JavaThread "Unconstrained build operations Thread 80" [_thread_blocked, id=30788, stack(0x000000a66dd00000,0x000000a66de00000)]
  0x0000027f123eced0 JavaThread "Unconstrained build operations Thread 81" [_thread_blocked, id=30792, stack(0x000000a66de00000,0x000000a66df00000)]
  0x0000027f123eb580 JavaThread "Unconstrained build operations Thread 82" [_thread_blocked, id=30796, stack(0x000000a66df00000,0x000000a66e000000)]
  0x0000027f123ed3e0 JavaThread "Unconstrained build operations Thread 83" [_thread_blocked, id=30800, stack(0x000000a66e000000,0x000000a66e100000)]
  0x0000027f0ef4dea0 JavaThread "Unconstrained build operations Thread 84" [_thread_blocked, id=30804, stack(0x000000a66e100000,0x000000a66e200000)]
  0x0000027f0ef4fd00 JavaThread "Unconstrained build operations Thread 85" [_thread_blocked, id=30808, stack(0x000000a66e200000,0x000000a66e300000)]
  0x0000027f0ef4b620 JavaThread "Unconstrained build operations Thread 86" [_thread_blocked, id=30812, stack(0x000000a66e300000,0x000000a66e400000)]
  0x0000027f0ef4a6f0 JavaThread "Unconstrained build operations Thread 87" [_thread_blocked, id=30816, stack(0x000000a66e400000,0x000000a66e500000)]
  0x0000027f0ef4ac00 JavaThread "Unconstrained build operations Thread 88" [_thread_blocked, id=30820, stack(0x000000a66e500000,0x000000a66e600000)]
  0x0000027f0ef4bb30 JavaThread "Unconstrained build operations Thread 89" [_thread_blocked, id=30824, stack(0x000000a66e600000,0x000000a66e700000)]
  0x0000027f0ef4b110 JavaThread "Unconstrained build operations Thread 90" [_thread_blocked, id=30828, stack(0x000000a66e700000,0x000000a66e800000)]
  0x0000027f0ef4ca60 JavaThread "Unconstrained build operations Thread 91" [_thread_blocked, id=30832, stack(0x000000a66e800000,0x000000a66e900000)]
  0x0000027f0ef49cd0 JavaThread "Unconstrained build operations Thread 92" [_thread_blocked, id=30836, stack(0x000000a66e900000,0x000000a66ea00000)]
  0x0000027f0ef4f2e0 JavaThread "Unconstrained build operations Thread 93" [_thread_blocked, id=30840, stack(0x000000a66ea00000,0x000000a66eb00000)]
  0x0000027f0ef4cf70 JavaThread "Unconstrained build operations Thread 94" [_thread_blocked, id=30844, stack(0x000000a66eb00000,0x000000a66ec00000)]
  0x0000027f0ef497c0 JavaThread "Unconstrained build operations Thread 95" [_thread_blocked, id=30848, stack(0x000000a66ec00000,0x000000a66ed00000)]
  0x0000027f0ef492b0 JavaThread "Unconstrained build operations Thread 96" [_thread_blocked, id=30852, stack(0x000000a66ed00000,0x000000a66ee00000)]
  0x0000027f0ef4c040 JavaThread "Unconstrained build operations Thread 97" [_thread_blocked, id=30856, stack(0x000000a66ee00000,0x000000a66ef00000)]
  0x0000027f0ef4d990 JavaThread "Unconstrained build operations Thread 98" [_thread_blocked, id=30860, stack(0x000000a66ef00000,0x000000a66f000000)]
  0x0000027f0ef4c550 JavaThread "Unconstrained build operations Thread 99" [_thread_blocked, id=30864, stack(0x000000a66f000000,0x000000a66f100000)]
  0x0000027f0ef4f7f0 JavaThread "Unconstrained build operations Thread 100" [_thread_blocked, id=30868, stack(0x000000a66f100000,0x000000a66f200000)]
  0x0000027f0ef4d480 JavaThread "Unconstrained build operations Thread 101" [_thread_blocked, id=30872, stack(0x000000a66f200000,0x000000a66f300000)]
  0x0000027f0ef4e3b0 JavaThread "Unconstrained build operations Thread 102" [_thread_blocked, id=30876, stack(0x000000a66f300000,0x000000a66f400000)]
  0x0000027f0ef4a1e0 JavaThread "Unconstrained build operations Thread 103" [_thread_blocked, id=30880, stack(0x000000a66f400000,0x000000a66f500000)]
  0x0000027f0ef4e8c0 JavaThread "Unconstrained build operations Thread 104" [_thread_blocked, id=30884, stack(0x000000a66f500000,0x000000a66f600000)]
  0x0000027f0ef50210 JavaThread "Unconstrained build operations Thread 105" [_thread_blocked, id=30888, stack(0x000000a66f600000,0x000000a66f700000)]
  0x0000027f0ef4edd0 JavaThread "Unconstrained build operations Thread 106" [_thread_blocked, id=30892, stack(0x000000a66f700000,0x000000a66f800000)]
  0x0000027f0ef50720 JavaThread "Unconstrained build operations Thread 107" [_thread_blocked, id=30896, stack(0x000000a66f800000,0x000000a66f900000)]
  0x0000027f0ef50c30 JavaThread "Unconstrained build operations Thread 108" [_thread_blocked, id=30900, stack(0x000000a66f900000,0x000000a66fa00000)]
  0x0000027f123eab60 JavaThread "Unconstrained build operations Thread 109" [_thread_blocked, id=30904, stack(0x000000a66fa00000,0x000000a66fb00000)]
  0x0000027f10894560 JavaThread "Unconstrained build operations Thread 110" [_thread_blocked, id=30908, stack(0x000000a66fb00000,0x000000a66fc00000)]
  0x0000027f10894a70 JavaThread "Unconstrained build operations Thread 111" [_thread_blocked, id=30912, stack(0x000000a66fc00000,0x000000a66fd00000)]
  0x0000027f10892c10 JavaThread "Unconstrained build operations Thread 112" [_thread_blocked, id=30916, stack(0x000000a66fd00000,0x000000a66fe00000)]
  0x0000027f1088f970 JavaThread "Unconstrained build operations Thread 113" [_thread_blocked, id=30920, stack(0x000000a66fe00000,0x000000a66ff00000)]
  0x0000027f10895490 JavaThread "Unconstrained build operations Thread 114" [_thread_blocked, id=30924, stack(0x000000a66ff00000,0x000000a670000000)]
  0x0000027f10890db0 JavaThread "Unconstrained build operations Thread 115" [_thread_blocked, id=30928, stack(0x000000a670000000,0x000000a670100000)]
  0x0000027f10894f80 JavaThread "Unconstrained build operations Thread 116" [_thread_blocked, id=30932, stack(0x000000a670100000,0x000000a670200000)]
  0x0000027f10891ce0 JavaThread "Unconstrained build operations Thread 117" [_thread_blocked, id=30936, stack(0x000000a670200000,0x000000a670300000)]
  0x0000027f10893120 JavaThread "Unconstrained build operations Thread 118" [_thread_blocked, id=30940, stack(0x000000a670300000,0x000000a670400000)]
  0x0000027f108959a0 JavaThread "Unconstrained build operations Thread 119" [_thread_blocked, id=30944, stack(0x000000a670400000,0x000000a670500000)]
  0x0000027f10895eb0 JavaThread "Unconstrained build operations Thread 120" [_thread_blocked, id=30948, stack(0x000000a670500000,0x000000a670600000)]
  0x0000027f108908a0 JavaThread "Unconstrained build operations Thread 121" [_thread_blocked, id=30952, stack(0x000000a670600000,0x000000a670700000)]
  0x0000027f10890390 JavaThread "Unconstrained build operations Thread 122" [_thread_blocked, id=30956, stack(0x000000a670700000,0x000000a670800000)]
  0x0000027f10893b40 JavaThread "Unconstrained build operations Thread 123" [_thread_blocked, id=30960, stack(0x000000a670800000,0x000000a670900000)]
  0x0000027f10893630 JavaThread "Unconstrained build operations Thread 124" [_thread_blocked, id=30964, stack(0x000000a670900000,0x000000a670a00000)]
  0x0000027f108917d0 JavaThread "Unconstrained build operations Thread 125" [_thread_blocked, id=30968, stack(0x000000a670a00000,0x000000a670b00000)]
  0x0000027f108921f0 JavaThread "Unconstrained build operations Thread 126" [_thread_blocked, id=30972, stack(0x000000a670b00000,0x000000a670c00000)]
  0x0000027f1088fe80 JavaThread "Unconstrained build operations Thread 127" [_thread_blocked, id=30976, stack(0x000000a670c00000,0x000000a670d00000)]
  0x0000027f108912c0 JavaThread "Unconstrained build operations Thread 128" [_thread_blocked, id=30980, stack(0x000000a670d00000,0x000000a670e00000)]
  0x0000027f10894050 JavaThread "Unconstrained build operations Thread 129" [_thread_blocked, id=30984, stack(0x000000a670e00000,0x000000a670f00000)]
  0x0000027f108963c0 JavaThread "Unconstrained build operations Thread 130" [_thread_blocked, id=30988, stack(0x000000a670f00000,0x000000a671000000)]
  0x0000027f10892700 JavaThread "Unconstrained build operations Thread 131" [_thread_blocked, id=30992, stack(0x000000a671000000,0x000000a671100000)]
  0x0000027f108968d0 JavaThread "Unconstrained build operations Thread 132" [_thread_blocked, id=30996, stack(0x000000a671100000,0x000000a671200000)]
  0x0000027f1088f460 JavaThread "Unconstrained build operations Thread 133" [_thread_blocked, id=31000, stack(0x000000a671200000,0x000000a671300000)]
  0x0000027f10896de0 JavaThread "Unconstrained build operations Thread 134" [_thread_blocked, id=31004, stack(0x000000a671300000,0x000000a671400000)]
  0x0000027f12789700 JavaThread "Unconstrained build operations Thread 135" [_thread_blocked, id=31008, stack(0x000000a671400000,0x000000a671500000)]
  0x0000027f12789c10 JavaThread "Unconstrained build operations Thread 136" [_thread_blocked, id=31012, stack(0x000000a671500000,0x000000a671600000)]
  0x0000027f1278fc40 JavaThread "Unconstrained build operations Thread 137" [_thread_blocked, id=31016, stack(0x000000a671600000,0x000000a671700000)]
  0x0000027f1278a120 JavaThread "Unconstrained build operations Thread 138" [_thread_blocked, id=31020, stack(0x000000a671700000,0x000000a671800000)]
  0x0000027f1278f730 JavaThread "Unconstrained build operations Thread 139" [_thread_blocked, id=31024, stack(0x000000a671800000,0x000000a671900000)]
  0x0000027f1278a630 JavaThread "Unconstrained build operations Thread 140" [_thread_blocked, id=31028, stack(0x000000a671900000,0x000000a671a00000)]
  0x0000027f1278ed10 JavaThread "Unconstrained build operations Thread 141" [_thread_blocked, id=31032, stack(0x000000a671a00000,0x000000a671b00000)]
  0x0000027f12790150 JavaThread "Unconstrained build operations Thread 142" [_thread_blocked, id=31036, stack(0x000000a671b00000,0x000000a671c00000)]
  0x0000027f1278c490 JavaThread "Unconstrained build operations Thread 143" [_thread_blocked, id=31040, stack(0x000000a671c00000,0x000000a671d00000)]
  0x0000027f1278b050 JavaThread "Unconstrained build operations Thread 144" [_thread_blocked, id=31044, stack(0x000000a671d00000,0x000000a671e00000)]
  0x0000027f1278ab40 JavaThread "Unconstrained build operations Thread 145" [_thread_blocked, id=31048, stack(0x000000a671e00000,0x000000a671f00000)]
  0x0000027f1278b560 JavaThread "Unconstrained build operations Thread 146" [_thread_blocked, id=31052, stack(0x000000a671f00000,0x000000a672000000)]
  0x0000027f1278c9a0 JavaThread "Unconstrained build operations Thread 147" [_thread_blocked, id=31056, stack(0x000000a672000000,0x000000a672100000)]
  0x0000027f127891f0 JavaThread "Unconstrained build operations Thread 148" [_thread_blocked, id=31060, stack(0x000000a672100000,0x000000a672200000)]
  0x0000027f1278f220 JavaThread "Unconstrained build operations Thread 149" [_thread_blocked, id=31064, stack(0x000000a672200000,0x000000a672300000)]
  0x0000027f1278ceb0 JavaThread "Unconstrained build operations Thread 150" [_thread_blocked, id=31068, stack(0x000000a672300000,0x000000a672400000)]
  0x0000027f1278d3c0 JavaThread "Unconstrained build operations Thread 151" [_thread_blocked, id=31072, stack(0x000000a672400000,0x000000a672500000)]
  0x0000027f1278d8d0 JavaThread "Unconstrained build operations Thread 152" [_thread_blocked, id=31076, stack(0x000000a672500000,0x000000a672600000)]
  0x0000027f1278ba70 JavaThread "Unconstrained build operations Thread 153" [_thread_blocked, id=31080, stack(0x000000a672600000,0x000000a672700000)]
  0x0000027f1278bf80 JavaThread "Unconstrained build operations Thread 154" [_thread_blocked, id=31084, stack(0x000000a672700000,0x000000a672800000)]
  0x0000027f1278dde0 JavaThread "Unconstrained build operations Thread 155" [_thread_blocked, id=31088, stack(0x000000a672800000,0x000000a672900000)]
  0x0000027f1278e2f0 JavaThread "Unconstrained build operations Thread 156" [_thread_blocked, id=31092, stack(0x000000a672900000,0x000000a672a00000)]
  0x0000027f1278e800 JavaThread "Unconstrained build operations Thread 157" [_thread_blocked, id=31096, stack(0x000000a672a00000,0x000000a672b00000)]
  0x0000027f12788ce0 JavaThread "Unconstrained build operations Thread 158" [_thread_blocked, id=31100, stack(0x000000a672b00000,0x000000a672c00000)]
  0x0000027f12790660 JavaThread "Unconstrained build operations Thread 159" [_thread_blocked, id=31104, stack(0x000000a672c00000,0x000000a672d00000)]
  0x0000027f0e431730 JavaThread "Unconstrained build operations Thread 160" [_thread_blocked, id=31108, stack(0x000000a672d00000,0x000000a672e00000)]
  0x0000027f0e42cb40 JavaThread "jar transforms Thread 14" [_thread_blocked, id=31160, stack(0x000000a673100000,0x000000a673200000)]
  0x0000027f0e431c40 JavaThread "jar transforms Thread 15" [_thread_blocked, id=31164, stack(0x000000a673200000,0x000000a673300000)]
  0x0000027f0e42bc10 JavaThread "jar transforms Thread 16" [_thread_blocked, id=31168, stack(0x000000a673300000,0x000000a673400000)]
  0x0000027f0e432150 JavaThread "Cache worker for Build Output Cleanup Cache (C:\Users\pinku\Documents\PROJECTS\Remindee\remindee_app\android\.gradle\buildOutputCleanup)" [_thread_blocked, id=31300, stack(0x000000a673400000,0x000000a673500000)]
  0x0000027f0e431220 JavaThread "File lock release action executor" [_thread_blocked, id=31508, stack(0x000000a673600000,0x000000a673700000)]
  0x0000027f0e45d160 JavaThread "C2 CompilerThread1" daemon [_thread_in_native, id=31676, stack(0x000000a673000000,0x000000a673100000)]
=>0x0000027f14696110 JavaThread "C2 CompilerThread2" daemon [_thread_in_native, id=31696, stack(0x000000a673500000,0x000000a673600000)]
  0x0000027f0e42d560 JavaThread "Cache worker for execution history cache (C:\Users\pinku\Documents\PROJECTS\Remindee\remindee_app\android\.gradle\7.6.3\executionHistory)" [_thread_blocked, id=27888, stack(0x000000a673700000,0x000000a673800000)]
  0x0000027f0e433fb0 JavaThread "Exec process" [_thread_blocked, id=32360, stack(0x000000a673800000,0x000000a673900000)]
  0x0000027f0e4344c0 JavaThread "Exec process Thread 2" [_thread_blocked, id=32372, stack(0x000000a673900000,0x000000a673a00000)]
  0x0000027f0e4302f0 JavaThread "Exec process Thread 3" [_thread_blocked, id=32376, stack(0x000000a673a00000,0x000000a673b00000)]

Other Threads:
  0x0000027f0897ebc0 VMThread "VM Thread" [stack: 0x000000a663700000,0x000000a663800000] [id=16776] _threads_hazard_ptr=0x0000027f0f5fdef0
  0x0000027f0d274560 WatcherThread [stack: 0x000000a664600000,0x000000a664700000] [id=23524]
  0x0000027f69fe30e0 GCTaskThread "GC Thread#0" [stack: 0x000000a663200000,0x000000a663300000] [id=30708]
  0x0000027f0ebba010 GCTaskThread "GC Thread#1" [stack: 0x000000a664a00000,0x000000a664b00000] [id=16740]
  0x0000027f0ebba2d0 GCTaskThread "GC Thread#2" [stack: 0x000000a664b00000,0x000000a664c00000] [id=24888]
  0x0000027f0e0e7cc0 GCTaskThread "GC Thread#3" [stack: 0x000000a664c00000,0x000000a664d00000] [id=29792]
  0x0000027f0e89c560 GCTaskThread "GC Thread#4" [stack: 0x000000a664d00000,0x000000a664e00000] [id=19428]
  0x0000027f0e2dfe70 GCTaskThread "GC Thread#5" [stack: 0x000000a664e00000,0x000000a664f00000] [id=18496]
  0x0000027f0f1efa60 GCTaskThread "GC Thread#6" [stack: 0x000000a664900000,0x000000a664a00000] [id=7656]
  0x0000027f0f1dd960 GCTaskThread "GC Thread#7" [stack: 0x000000a665b00000,0x000000a665c00000] [id=28824]
  0x0000027f0ef68790 GCTaskThread "GC Thread#8" [stack: 0x000000a665c00000,0x000000a665d00000] [id=4876]
  0x0000027f0ef67c90 GCTaskThread "GC Thread#9" [stack: 0x000000a665d00000,0x000000a665e00000] [id=21412]
  0x0000027f0ef684d0 GCTaskThread "GC Thread#10" [stack: 0x000000a665e00000,0x000000a665f00000] [id=25084]
  0x0000027f0ef68a50 GCTaskThread "GC Thread#11" [stack: 0x000000a665f00000,0x000000a666000000] [id=19248]
  0x0000027f0ef68d10 GCTaskThread "GC Thread#12" [stack: 0x000000a666000000,0x000000a666100000] [id=7360]
  0x0000027f69ff4030 ConcurrentGCThread "G1 Main Marker" [stack: 0x000000a663300000,0x000000a663400000] [id=10720]
  0x0000027f69ff52c0 ConcurrentGCThread "G1 Conc#0" [stack: 0x000000a663400000,0x000000a663500000] [id=20680]
  0x0000027f0ef679d0 ConcurrentGCThread "G1 Conc#1" [stack: 0x000000a666100000,0x000000a666200000] [id=3100]
  0x0000027f0ef67f50 ConcurrentGCThread "G1 Conc#2" [stack: 0x000000a666200000,0x000000a666300000] [id=23928]
  0x0000027f6a01e990 ConcurrentGCThread "G1 Refine#0" [stack: 0x000000a663500000,0x000000a663600000] [id=30568]
  0x0000027f08843690 ConcurrentGCThread "G1 Service" [stack: 0x000000a663600000,0x000000a663700000] [id=2628]

Threads with active compile tasks:
C2 CompilerThread1    46229 13493       4       org.gradle.internal.file.FileHierarchySet$Node::contains (101 bytes)
C2 CompilerThread2    46229 13471       4       org.gradle.internal.logging.text.AbstractLineChoppingStyledTextOutput::doAppend (43 bytes)

VM state: not at safepoint (normal execution)

VM Mutex/Monitor currently owned by a thread:  ([mutex/lock_event])
[0x0000027f69f74340] Metaspace_lock - owner thread: 0x0000027f0ebaca50

Heap address: 0x0000000700000000, size: 4096 MB, Compressed Oops mode: Zero based, Oop shift amount: 3

CDS archive(s) not mapped
Compressed class space mapped at: 0x0000000800000000-0x0000000840000000, reserved size: 1073741824
Narrow klass base: 0x0000000800000000, Narrow klass shift: 0, Narrow klass range: 0x40000000

GC Precious Log:
 CPUs: 16 total, 16 available
 Memory: 16088M
 Large Page Support: Disabled
 NUMA Support: Disabled
 Compressed Oops: Enabled (Zero based)
 Heap Region Size: 2M
 Heap Min Capacity: 8M
 Heap Initial Capacity: 252M
 Heap Max Capacity: 4G
 Pre-touch: Disabled
 Parallel Workers: 13
 Concurrent Workers: 3
 Concurrent Refinement Workers: 13
 Periodic GC: Disabled

Heap:
 garbage-first heap   total 184320K, used 142783K [0x0000000700000000, 0x0000000800000000)
  region size 2048K, 24 young (49152K), 3 survivors (6144K)
 Metaspace       used 98811K, committed 99840K, reserved 1179648K
  class space    used 13671K, committed 14144K, reserved 1048576K

Heap Regions: E=young(eden), S=young(survivor), O=old, HS=humongous(starts), HC=humongous(continues), CS=collection set, F=free, OA=open archive, CA=closed archive, TAMS=top-at-mark-start (previous, next)
|   0|0x0000000700000000, 0x0000000700200000, 0x0000000700200000|100%|HS|  |TAMS 0x0000000700200000, 0x0000000700000000| Complete 
|   1|0x0000000700200000, 0x0000000700400000, 0x0000000700400000|100%|HC|  |TAMS 0x0000000700400000, 0x0000000700200000| Complete 
|   2|0x0000000700400000, 0x0000000700600000, 0x0000000700600000|100%| O|  |TAMS 0x0000000700600000, 0x0000000700400000| Untracked 
|   3|0x0000000700600000, 0x0000000700800000, 0x0000000700800000|100%| O|  |TAMS 0x0000000700800000, 0x0000000700600000| Untracked 
|   4|0x0000000700800000, 0x0000000700a00000, 0x0000000700a00000|100%| O|  |TAMS 0x0000000700a00000, 0x0000000700800000| Untracked 
|   5|0x0000000700a00000, 0x0000000700c00000, 0x0000000700c00000|100%| O|  |TAMS 0x0000000700c00000, 0x0000000700a00000| Untracked 
|   6|0x0000000700c00000, 0x0000000700e00000, 0x0000000700e00000|100%| O|  |TAMS 0x0000000700e00000, 0x0000000700c00000| Untracked 
|   7|0x0000000700e00000, 0x0000000701000000, 0x0000000701000000|100%| O|  |TAMS 0x0000000701000000, 0x0000000700e00000| Untracked 
|   8|0x0000000701000000, 0x0000000701200000, 0x0000000701200000|100%| O|  |TAMS 0x0000000701200000, 0x0000000701000000| Untracked 
|   9|0x0000000701200000, 0x0000000701400000, 0x0000000701400000|100%| O|  |TAMS 0x0000000701400000, 0x0000000701200000| Untracked 
|  10|0x0000000701400000, 0x0000000701600000, 0x0000000701600000|100%| O|  |TAMS 0x0000000701600000, 0x0000000701400000| Untracked 
|  11|0x0000000701600000, 0x0000000701800000, 0x0000000701800000|100%| O|  |TAMS 0x0000000701800000, 0x0000000701600000| Untracked 
|  12|0x0000000701800000, 0x0000000701a00000, 0x0000000701a00000|100%| O|  |TAMS 0x0000000701a00000, 0x0000000701800000| Untracked 
|  13|0x0000000701a00000, 0x0000000701c00000, 0x0000000701c00000|100%| O|  |TAMS 0x0000000701c00000, 0x0000000701a00000| Untracked 
|  14|0x0000000701c00000, 0x0000000701e00000, 0x0000000701e00000|100%| O|  |TAMS 0x0000000701e00000, 0x0000000701c00000| Complete 
|  15|0x0000000701e00000, 0x0000000702000000, 0x0000000702000000|100%| O|  |TAMS 0x0000000702000000, 0x0000000701e00000| Untracked 
|  16|0x0000000702000000, 0x0000000702200000, 0x0000000702200000|100%| O|  |TAMS 0x0000000702200000, 0x0000000702000000| Untracked 
|  17|0x0000000702200000, 0x0000000702200000, 0x0000000702400000|  0%| F|  |TAMS 0x0000000702200000, 0x0000000702200000| Untracked 
|  18|0x0000000702400000, 0x0000000702600000, 0x0000000702600000|100%| O|  |TAMS 0x0000000702600000, 0x0000000702400000| Untracked 
|  19|0x0000000702600000, 0x0000000702800000, 0x0000000702800000|100%| O|  |TAMS 0x0000000702800000, 0x0000000702600000| Untracked 
|  20|0x0000000702800000, 0x0000000702a00000, 0x0000000702a00000|100%| O|  |TAMS 0x0000000702a00000, 0x0000000702800000| Untracked 
|  21|0x0000000702a00000, 0x0000000702c00000, 0x0000000702c00000|100%| O|  |TAMS 0x0000000702c00000, 0x0000000702a00000| Untracked 
|  22|0x0000000702c00000, 0x0000000702e00000, 0x0000000702e00000|100%| O|  |TAMS 0x0000000702e00000, 0x0000000702c00000| Untracked 
|  23|0x0000000702e00000, 0x0000000703000000, 0x0000000703000000|100%| O|  |TAMS 0x0000000703000000, 0x0000000702e00000| Untracked 
|  24|0x0000000703000000, 0x0000000703200000, 0x0000000703200000|100%| O|  |TAMS 0x0000000703200000, 0x0000000703000000| Untracked 
|  25|0x0000000703200000, 0x0000000703400000, 0x0000000703400000|100%| O|  |TAMS 0x0000000703400000, 0x0000000703200000| Untracked 
|  26|0x0000000703400000, 0x0000000703600000, 0x0000000703600000|100%|HS|  |TAMS 0x0000000703600000, 0x0000000703400000| Complete 
|  27|0x0000000703600000, 0x0000000703800000, 0x0000000703800000|100%|HC|  |TAMS 0x0000000703800000, 0x0000000703600000| Complete 
|  28|0x0000000703800000, 0x0000000703a00000, 0x0000000703a00000|100%| O|  |TAMS 0x0000000703a00000, 0x0000000703800000| Untracked 
|  29|0x0000000703a00000, 0x0000000703c00000, 0x0000000703c00000|100%|HS|  |TAMS 0x0000000703c00000, 0x0000000703a00000| Complete 
|  30|0x0000000703c00000, 0x0000000703e00000, 0x0000000703e00000|100%| O|  |TAMS 0x0000000703e00000, 0x0000000703c00000| Untracked 
|  31|0x0000000703e00000, 0x0000000704000000, 0x0000000704000000|100%| O|  |TAMS 0x0000000704000000, 0x0000000703e00000| Untracked 
|  32|0x0000000704000000, 0x0000000704200000, 0x0000000704200000|100%| O|  |TAMS 0x0000000704200000, 0x0000000704000000| Untracked 
|  33|0x0000000704200000, 0x0000000704400000, 0x0000000704400000|100%| O|  |TAMS 0x0000000704400000, 0x0000000704200000| Untracked 
|  34|0x0000000704400000, 0x0000000704600000, 0x0000000704600000|100%| O|  |TAMS 0x0000000704600000, 0x0000000704400000| Untracked 
|  35|0x0000000704600000, 0x0000000704800000, 0x0000000704800000|100%| O|  |TAMS 0x0000000704800000, 0x0000000704600000| Untracked 
|  36|0x0000000704800000, 0x0000000704a00000, 0x0000000704a00000|100%| O|  |TAMS 0x0000000704a00000, 0x0000000704800000| Untracked 
|  37|0x0000000704a00000, 0x0000000704c00000, 0x0000000704c00000|100%| O|  |TAMS 0x0000000704c00000, 0x0000000704a00000| Untracked 
|  38|0x0000000704c00000, 0x0000000704e00000, 0x0000000704e00000|100%| O|  |TAMS 0x0000000704e00000, 0x0000000704c00000| Untracked 
|  39|0x0000000704e00000, 0x0000000705000000, 0x0000000705000000|100%| O|  |TAMS 0x0000000705000000, 0x0000000704e00000| Untracked 
|  40|0x0000000705000000, 0x0000000705200000, 0x0000000705200000|100%| O|  |TAMS 0x0000000705200000, 0x0000000705000000| Untracked 
|  41|0x0000000705200000, 0x0000000705400000, 0x0000000705400000|100%| O|  |TAMS 0x0000000705400000, 0x0000000705200000| Untracked 
|  42|0x0000000705400000, 0x0000000705600000, 0x0000000705600000|100%| O|  |TAMS 0x0000000705600000, 0x0000000705400000| Untracked 
|  43|0x0000000705600000, 0x0000000705800000, 0x0000000705800000|100%| O|  |TAMS 0x0000000705800000, 0x0000000705600000| Untracked 
|  44|0x0000000705800000, 0x0000000705a00000, 0x0000000705a00000|100%| O|  |TAMS 0x0000000705a00000, 0x0000000705800000| Untracked 
|  45|0x0000000705a00000, 0x0000000705c00000, 0x0000000705c00000|100%| O|  |TAMS 0x0000000705c00000, 0x0000000705a00000| Untracked 
|  46|0x0000000705c00000, 0x0000000705e00000, 0x0000000705e00000|100%| O|  |TAMS 0x0000000705e00000, 0x0000000705c00000| Untracked 
|  47|0x0000000705e00000, 0x0000000706000000, 0x0000000706000000|100%| O|  |TAMS 0x0000000706000000, 0x0000000705e00000| Untracked 
|  48|0x0000000706000000, 0x0000000706164600, 0x0000000706200000| 69%| O|  |TAMS 0x0000000706164600, 0x0000000706000000| Untracked 
|  49|0x0000000706200000, 0x0000000706200000, 0x0000000706400000|  0%| F|  |TAMS 0x0000000706200000, 0x0000000706200000| Untracked 
|  50|0x0000000706400000, 0x0000000706400000, 0x0000000706600000|  0%| F|  |TAMS 0x0000000706400000, 0x0000000706400000| Untracked 
|  51|0x0000000706600000, 0x0000000706600000, 0x0000000706800000|  0%| F|  |TAMS 0x0000000706600000, 0x0000000706600000| Untracked 
|  52|0x0000000706800000, 0x0000000706800000, 0x0000000706a00000|  0%| F|  |TAMS 0x0000000706800000, 0x0000000706800000| Untracked 
|  53|0x0000000706a00000, 0x0000000706a00000, 0x0000000706c00000|  0%| F|  |TAMS 0x0000000706a00000, 0x0000000706a00000| Untracked 
|  54|0x0000000706c00000, 0x0000000706c00000, 0x0000000706e00000|  0%| F|  |TAMS 0x0000000706c00000, 0x0000000706c00000| Untracked 
|  55|0x0000000706e00000, 0x0000000706e00000, 0x0000000707000000|  0%| F|  |TAMS 0x0000000706e00000, 0x0000000706e00000| Untracked 
|  56|0x0000000707000000, 0x0000000707000000, 0x0000000707200000|  0%| F|  |TAMS 0x0000000707000000, 0x0000000707000000| Untracked 
|  57|0x0000000707200000, 0x0000000707200000, 0x0000000707400000|  0%| F|  |TAMS 0x0000000707200000, 0x0000000707200000| Untracked 
|  58|0x0000000707400000, 0x0000000707400000, 0x0000000707600000|  0%| F|  |TAMS 0x0000000707400000, 0x0000000707400000| Untracked 
|  59|0x0000000707600000, 0x0000000707600000, 0x0000000707800000|  0%| F|  |TAMS 0x0000000707600000, 0x0000000707600000| Untracked 
|  60|0x0000000707800000, 0x000000070780b7f0, 0x0000000707a00000|  2%| S|CS|TAMS 0x0000000707800000, 0x0000000707800000| Complete 
|  61|0x0000000707a00000, 0x0000000707c00000, 0x0000000707c00000|100%| S|CS|TAMS 0x0000000707a00000, 0x0000000707a00000| Complete 
|  62|0x0000000707c00000, 0x0000000707e00000, 0x0000000707e00000|100%| S|CS|TAMS 0x0000000707c00000, 0x0000000707c00000| Complete 
|  63|0x0000000707e00000, 0x0000000707e00000, 0x0000000708000000|  0%| F|  |TAMS 0x0000000707e00000, 0x0000000707e00000| Untracked 
|  64|0x0000000708000000, 0x0000000708000000, 0x0000000708200000|  0%| F|  |TAMS 0x0000000708000000, 0x0000000708000000| Untracked 
|  65|0x0000000708200000, 0x0000000708200000, 0x0000000708400000|  0%| F|  |TAMS 0x0000000708200000, 0x0000000708200000| Untracked 
|  66|0x0000000708400000, 0x0000000708400000, 0x0000000708600000|  0%| F|  |TAMS 0x0000000708400000, 0x0000000708400000| Untracked 
|  67|0x0000000708600000, 0x0000000708600000, 0x0000000708800000|  0%| F|  |TAMS 0x0000000708600000, 0x0000000708600000| Untracked 
|  68|0x0000000708800000, 0x0000000708800000, 0x0000000708a00000|  0%| F|  |TAMS 0x0000000708800000, 0x0000000708800000| Untracked 
|  69|0x0000000708a00000, 0x0000000708ad4118, 0x0000000708c00000| 41%| E|  |TAMS 0x0000000708a00000, 0x0000000708a00000| Complete 
|  70|0x0000000708c00000, 0x0000000708e00000, 0x0000000708e00000|100%| E|CS|TAMS 0x0000000708c00000, 0x0000000708c00000| Complete 
|  71|0x0000000708e00000, 0x0000000709000000, 0x0000000709000000|100%| E|CS|TAMS 0x0000000708e00000, 0x0000000708e00000| Complete 
|  72|0x0000000709000000, 0x0000000709200000, 0x0000000709200000|100%| E|CS|TAMS 0x0000000709000000, 0x0000000709000000| Complete 
|  73|0x0000000709200000, 0x0000000709400000, 0x0000000709400000|100%| E|CS|TAMS 0x0000000709200000, 0x0000000709200000| Complete 
|  74|0x0000000709400000, 0x0000000709600000, 0x0000000709600000|100%| E|CS|TAMS 0x0000000709400000, 0x0000000709400000| Complete 
|  75|0x0000000709600000, 0x0000000709800000, 0x0000000709800000|100%| E|CS|TAMS 0x0000000709600000, 0x0000000709600000| Complete 
|  76|0x0000000709800000, 0x0000000709a00000, 0x0000000709a00000|100%| E|CS|TAMS 0x0000000709800000, 0x0000000709800000| Complete 
|  77|0x0000000709a00000, 0x0000000709c00000, 0x0000000709c00000|100%| E|CS|TAMS 0x0000000709a00000, 0x0000000709a00000| Complete 
|  78|0x0000000709c00000, 0x0000000709e00000, 0x0000000709e00000|100%| E|CS|TAMS 0x0000000709c00000, 0x0000000709c00000| Complete 
|  79|0x0000000709e00000, 0x000000070a000000, 0x000000070a000000|100%| E|CS|TAMS 0x0000000709e00000, 0x0000000709e00000| Complete 
|  80|0x000000070a000000, 0x000000070a200000, 0x000000070a200000|100%| E|CS|TAMS 0x000000070a000000, 0x000000070a000000| Complete 
|  81|0x000000070a200000, 0x000000070a400000, 0x000000070a400000|100%| E|CS|TAMS 0x000000070a200000, 0x000000070a200000| Complete 
|  82|0x000000070a400000, 0x000000070a600000, 0x000000070a600000|100%| E|CS|TAMS 0x000000070a400000, 0x000000070a400000| Complete 
|  83|0x000000070a600000, 0x000000070a800000, 0x000000070a800000|100%| E|CS|TAMS 0x000000070a600000, 0x000000070a600000| Complete 
|  89|0x000000070b200000, 0x000000070b400000, 0x000000070b400000|100%| E|CS|TAMS 0x000000070b200000, 0x000000070b200000| Complete 
|  90|0x000000070b400000, 0x000000070b600000, 0x000000070b600000|100%| E|CS|TAMS 0x000000070b400000, 0x000000070b400000| Complete 
|  91|0x000000070b600000, 0x000000070b800000, 0x000000070b800000|100%| E|CS|TAMS 0x000000070b600000, 0x000000070b600000| Complete 
|  92|0x000000070b800000, 0x000000070ba00000, 0x000000070ba00000|100%| E|CS|TAMS 0x000000070b800000, 0x000000070b800000| Complete 
|  93|0x000000070ba00000, 0x000000070bc00000, 0x000000070bc00000|100%| E|CS|TAMS 0x000000070ba00000, 0x000000070ba00000| Complete 
| 125|0x000000070fa00000, 0x000000070fc00000, 0x000000070fc00000|100%| E|CS|TAMS 0x000000070fa00000, 0x000000070fa00000| Complete 

Card table byte_map: [0x0000027f7cc80000,0x0000027f7d480000] _byte_map_base: 0x0000027f79480000

Marking Bits (Prev, Next): (CMBitMap*) 0x0000027f69fe3700, (CMBitMap*) 0x0000027f69fe3740
 Prev Bits: [0x0000027f00000000, 0x0000027f04000000)
 Next Bits: [0x0000027f04000000, 0x0000027f08000000)

Polling page: 0x0000027f69720000

Metaspace:

Usage:
  Non-class:     83.14 MB used.
      Class:     13.35 MB used.
       Both:     96.50 MB used.

Virtual space:
  Non-class space:      128.00 MB reserved,      83.69 MB ( 65%) committed,  2 nodes.
      Class space:        1.00 GB reserved,      13.81 MB (  1%) committed,  1 nodes.
             Both:        1.12 GB reserved,      97.50 MB (  8%) committed. 

Chunk freelists:
   Non-Class:  11.55 MB
       Class:  2.11 MB
        Both:  13.66 MB

MaxMetaspaceSize: 2.00 GB
CompressedClassSpaceSize: 1.00 GB
Initial GC threshold: 21.00 MB
Current GC threshold: 160.44 MB
CDS: off
MetaspaceReclaimPolicy: balanced
 - commit_granule_bytes: 65536.
 - commit_granule_words: 8192.
 - virtual_space_node_default_size: 8388608.
 - enlarge_chunks_in_place: 1.
 - new_chunks_are_fully_committed: 0.
 - uncommit_free_chunks: 1.
 - use_allocation_guard: 0.
 - handle_deallocations: 1.


Internal statistics:

num_allocs_failed_limit: 6.
num_arena_births: 1192.
num_arena_deaths: 0.
num_vsnodes_births: 3.
num_vsnodes_deaths: 0.
num_space_committed: 1560.
num_space_uncommitted: 0.
num_chunks_returned_to_freelist: 6.
num_chunks_taken_from_freelist: 5176.
num_chunk_merges: 3.
num_chunk_splits: 3348.
num_chunks_enlarged: 2138.
num_inconsistent_stats: 0.

CodeHeap 'non-profiled nmethods': size=119168Kb used=8170Kb max_used=8170Kb free=110997Kb
 bounds [0x0000027f747a0000, 0x0000027f74fa0000, 0x0000027f7bc00000]
CodeHeap 'profiled nmethods': size=119104Kb used=24507Kb max_used=24507Kb free=94596Kb
 bounds [0x0000027f6cc00000, 0x0000027f6e3f0000, 0x0000027f74050000]
CodeHeap 'non-nmethods': size=7488Kb used=4108Kb max_used=4207Kb free=3379Kb
 bounds [0x0000027f74050000, 0x0000027f74480000, 0x0000027f747a0000]
 total_blobs=13006 nmethods=12050 adapters=865
 compilation: enabled
              stopped_count=0, restarted_count=0
 full_count=0

Compilation events (20 events):
Event: 46.160 Thread 0x0000027f0e1e86d0 nmethod 13461 0x0000027f6e3e4990 code [0x0000027f6e3e4b40, 0x0000027f6e3e4e08]
Event: 46.160 Thread 0x0000027f0e1e86d0 13464       3       org.gradle.api.internal.tasks.DefaultTaskCollection::createExistingProvider (49 bytes)
Event: 46.160 Thread 0x0000027f1020a820 nmethod 13457 0x0000027f6e3e4f10 code [0x0000027f6e3e51c0, 0x0000027f6e3e6378]
Event: 46.160 Thread 0x0000027f1020a820 13465       3       org.gradle.api.internal.tasks.DefaultTaskCollection$ExistingTaskProvider_Decorated::<init> (12 bytes)
Event: 46.160 Thread 0x0000027f14696110 13470       4       org.gradle.api.DefaultTask::getName (5 bytes)
Event: 46.160 Thread 0x0000027f0d0b11e0 nmethod 13463 0x0000027f6e3e6810 code [0x0000027f6e3e69c0, 0x0000027f6e3e6d78]
Event: 46.160 Thread 0x0000027f0d0b11e0 13466       3       org.gradle.api.internal.tasks.DefaultTaskCollection$ExistingTaskProvider::<init> (13 bytes)
Event: 46.161 Thread 0x0000027f0ff3b540 nmethod 13458 0x0000027f6e3e6e90 code [0x0000027f6e3e7160, 0x0000027f6e3e80a8]
Event: 46.161 Thread 0x0000027f0ff3b540 13467       3       org.gradle.api.internal.tasks.DefaultTaskCollection$ExistingTaskProvider_Decorated::$gradleInit (8 bytes)
Event: 46.161 Thread 0x0000027f0d0b11e0 nmethod 13466 0x0000027f6e3e8510 code [0x0000027f6e3e86e0, 0x0000027f6e3e8b58]
Event: 46.161 Thread 0x0000027f1020a820 nmethod 13465 0x0000027f6e3e8c90 code [0x0000027f6e3e8ea0, 0x0000027f6e3e96c8]
Event: 46.161 Thread 0x0000027f0d0b11e0 13468   !   3       jdk.internal.reflect.GeneratedConstructorAccessor115::newInstance (69 bytes)
Event: 46.161 Thread 0x0000027f0ff3b540 nmethod 13467 0x0000027f6e3e9910 code [0x0000027f6e3e9ac0, 0x0000027f6e3e9ea8]
Event: 46.161 Thread 0x0000027f0d0b0820 nmethod 13469 0x0000027f74f99010 code [0x0000027f74f991a0, 0x0000027f74f99248]
Event: 46.162 Thread 0x0000027f0e1e86d0 nmethod 13464 0x0000027f6e3e9f90 code [0x0000027f6e3ea200, 0x0000027f6e3eb278]
Event: 46.162 Thread 0x0000027f14696110 nmethod 13470 0x0000027f74f99310 code [0x0000027f74f99480, 0x0000027f74f99518]
Event: 46.162 Thread 0x0000027f0d0b11e0 nmethod 13468 0x0000027f6e3eb710 code [0x0000027f6e3eb9a0, 0x0000027f6e3ec8e8]
Event: 46.174 Thread 0x0000027f14696110 13471       4       org.gradle.internal.logging.text.AbstractLineChoppingStyledTextOutput::doAppend (43 bytes)
Event: 46.174 Thread 0x0000027f0d0b11e0 13472       3       org.gradle.internal.logging.text.AbstractLineChoppingStyledTextOutput$StateContext::flushLineText (113 bytes)
Event: 46.175 Thread 0x0000027f0d0b11e0 nmethod 13472 0x0000027f6e3ece90 code [0x0000027f6e3ed120, 0x0000027f6e3edad8]

GC Heap History (20 events):
Event: 39.333 GC heap before
{Heap before GC invocations=42 (full 0):
 garbage-first heap   total 141312K, used 112349K [0x0000000700000000, 0x0000000800000000)
  region size 2048K, 19 young (38912K), 3 survivors (6144K)
 Metaspace       used 82145K, committed 83008K, reserved 1179648K
  class space    used 11128K, committed 11520K, reserved 1048576K
}
Event: 39.337 GC heap after
{Heap after GC invocations=43 (full 0):
 garbage-first heap   total 141312K, used 80159K [0x0000000700000000, 0x0000000800000000)
  region size 2048K, 2 young (4096K), 2 survivors (4096K)
 Metaspace       used 82145K, committed 83008K, reserved 1179648K
  class space    used 11128K, committed 11520K, reserved 1048576K
}
Event: 40.035 GC heap before
{Heap before GC invocations=44 (full 0):
 garbage-first heap   total 147456K, used 110879K [0x0000000700000000, 0x0000000800000000)
  region size 2048K, 17 young (34816K), 2 survivors (4096K)
 Metaspace       used 83456K, committed 84352K, reserved 1179648K
  class space    used 11300K, committed 11712K, reserved 1048576K
}
Event: 40.040 GC heap after
{Heap after GC invocations=45 (full 0):
 garbage-first heap   total 147456K, used 82112K [0x0000000700000000, 0x0000000800000000)
  region size 2048K, 2 young (4096K), 2 survivors (4096K)
 Metaspace       used 83456K, committed 84352K, reserved 1179648K
  class space    used 11300K, committed 11712K, reserved 1048576K
}
Event: 40.081 GC heap before
{Heap before GC invocations=45 (full 0):
 garbage-first heap   total 147456K, used 84160K [0x0000000700000000, 0x0000000800000000)
  region size 2048K, 3 young (6144K), 2 survivors (4096K)
 Metaspace       used 83622K, committed 84480K, reserved 1179648K
  class space    used 11330K, committed 11712K, reserved 1048576K
}
Event: 40.086 GC heap after
{Heap after GC invocations=46 (full 0):
 garbage-first heap   total 147456K, used 82540K [0x0000000700000000, 0x0000000800000000)
  region size 2048K, 1 young (2048K), 1 survivors (2048K)
 Metaspace       used 83622K, committed 84480K, reserved 1179648K
  class space    used 11330K, committed 11712K, reserved 1048576K
}
Event: 40.851 GC heap before
{Heap before GC invocations=46 (full 0):
 garbage-first heap   total 147456K, used 119404K [0x0000000700000000, 0x0000000800000000)
  region size 2048K, 19 young (38912K), 1 survivors (2048K)
 Metaspace       used 87024K, committed 87936K, reserved 1179648K
  class space    used 11970K, committed 12416K, reserved 1048576K
}
Event: 40.854 GC heap after
{Heap after GC invocations=47 (full 0):
 garbage-first heap   total 178176K, used 84194K [0x0000000700000000, 0x0000000800000000)
  region size 2048K, 2 young (4096K), 2 survivors (4096K)
 Metaspace       used 87024K, committed 87936K, reserved 1179648K
  class space    used 11970K, committed 12416K, reserved 1048576K
}
Event: 41.743 GC heap before
{Heap before GC invocations=48 (full 0):
 garbage-first heap   total 178176K, used 143586K [0x0000000700000000, 0x0000000800000000)
  region size 2048K, 31 young (63488K), 2 survivors (4096K)
 Metaspace       used 89347K, committed 90240K, reserved 1179648K
  class space    used 12292K, committed 12736K, reserved 1048576K
}
Event: 41.748 GC heap after
{Heap after GC invocations=49 (full 0):
 garbage-first heap   total 178176K, used 89876K [0x0000000700000000, 0x0000000800000000)
  region size 2048K, 4 young (8192K), 4 survivors (8192K)
 Metaspace       used 89347K, committed 90240K, reserved 1179648K
  class space    used 12292K, committed 12736K, reserved 1048576K
}
Event: 41.775 GC heap before
{Heap before GC invocations=49 (full 0):
 garbage-first heap   total 178176K, used 91924K [0x0000000700000000, 0x0000000800000000)
  region size 2048K, 5 young (10240K), 4 survivors (8192K)
 Metaspace       used 89359K, committed 90240K, reserved 1179648K
  class space    used 12294K, committed 12736K, reserved 1048576K
}
Event: 41.785 GC heap after
{Heap after GC invocations=50 (full 0):
 garbage-first heap   total 178176K, used 90664K [0x0000000700000000, 0x0000000800000000)
  region size 2048K, 1 young (2048K), 1 survivors (2048K)
 Metaspace       used 89359K, committed 90240K, reserved 1179648K
  class space    used 12294K, committed 12736K, reserved 1048576K
}
Event: 42.960 GC heap before
{Heap before GC invocations=50 (full 0):
 garbage-first heap   total 178176K, used 143912K [0x0000000700000000, 0x0000000800000000)
  region size 2048K, 27 young (55296K), 1 survivors (2048K)
 Metaspace       used 91540K, committed 92480K, reserved 1179648K
  class space    used 12629K, committed 13056K, reserved 1048576K
}
Event: 42.964 GC heap after
{Heap after GC invocations=51 (full 0):
 garbage-first heap   total 178176K, used 95279K [0x0000000700000000, 0x0000000800000000)
  region size 2048K, 3 young (6144K), 3 survivors (6144K)
 Metaspace       used 91540K, committed 92480K, reserved 1179648K
  class space    used 12629K, committed 13056K, reserved 1048576K
}
Event: 44.275 GC heap before
{Heap before GC invocations=52 (full 0):
 garbage-first heap   total 178176K, used 144431K [0x0000000700000000, 0x0000000800000000)
  region size 2048K, 27 young (55296K), 3 survivors (6144K)
 Metaspace       used 94444K, committed 95424K, reserved 1179648K
  class space    used 13049K, committed 13504K, reserved 1048576K
}
Event: 44.282 GC heap after
{Heap after GC invocations=53 (full 0):
 garbage-first heap   total 178176K, used 98364K [0x0000000700000000, 0x0000000800000000)
  region size 2048K, 2 young (4096K), 2 survivors (4096K)
 Metaspace       used 94444K, committed 95424K, reserved 1179648K
  class space    used 13049K, committed 13504K, reserved 1048576K
}
Event: 44.376 GC heap before
{Heap before GC invocations=53 (full 0):
 garbage-first heap   total 178176K, used 102460K [0x0000000700000000, 0x0000000800000000)
  region size 2048K, 4 young (8192K), 2 survivors (4096K)
 Metaspace       used 94764K, committed 95744K, reserved 1179648K
  class space    used 13081K, committed 13568K, reserved 1048576K
}
Event: 44.381 GC heap after
{Heap after GC invocations=54 (full 0):
 garbage-first heap   total 178176K, used 98365K [0x0000000700000000, 0x0000000800000000)
  region size 2048K, 1 young (2048K), 1 survivors (2048K)
 Metaspace       used 94764K, committed 95744K, reserved 1179648K
  class space    used 13081K, committed 13568K, reserved 1048576K
}
Event: 45.246 GC heap before
{Heap before GC invocations=54 (full 0):
 garbage-first heap   total 178176K, used 145469K [0x0000000700000000, 0x0000000800000000)
  region size 2048K, 24 young (49152K), 1 survivors (2048K)
 Metaspace       used 97368K, committed 98368K, reserved 1179648K
  class space    used 13455K, committed 13888K, reserved 1048576K
}
Event: 45.250 GC heap after
{Heap after GC invocations=55 (full 0):
 garbage-first heap   total 178176K, used 101823K [0x0000000700000000, 0x0000000800000000)
  region size 2048K, 3 young (6144K), 3 survivors (6144K)
 Metaspace       used 97368K, committed 98368K, reserved 1179648K
  class space    used 13455K, committed 13888K, reserved 1048576K
}

Dll operation events (12 events):
Event: 0.007 Loaded shared library C:\Users\pinku\.vscode\extensions\redhat.java-1.33.0-win32-x64\jre\17.0.11-win32-x86_64\bin\java.dll
Event: 0.094 Loaded shared library C:\Users\pinku\.vscode\extensions\redhat.java-1.33.0-win32-x64\jre\17.0.11-win32-x86_64\bin\net.dll
Event: 0.096 Loaded shared library C:\Users\pinku\.vscode\extensions\redhat.java-1.33.0-win32-x64\jre\17.0.11-win32-x86_64\bin\nio.dll
Event: 0.101 Loaded shared library C:\Users\pinku\.vscode\extensions\redhat.java-1.33.0-win32-x64\jre\17.0.11-win32-x86_64\bin\zip.dll
Event: 0.255 Loaded shared library C:\Users\pinku\.vscode\extensions\redhat.java-1.33.0-win32-x64\jre\17.0.11-win32-x86_64\bin\jimage.dll
Event: 0.320 Loaded shared library C:\Users\pinku\.vscode\extensions\redhat.java-1.33.0-win32-x64\jre\17.0.11-win32-x86_64\bin\verify.dll
Event: 0.480 Loaded shared library C:\Users\pinku\.gradle\native\c067742578af261105cb4f569cf0c3c89f3d7b1fecec35dd04571415982c5e48\windows-amd64\native-platform.dll
Event: 0.489 Loaded shared library C:\Users\pinku\.gradle\native\38dada09dfb8b06ba9b0570ebf7e218e3eb74d4ef43ca46872605cf95ebc2f47\windows-amd64\native-platform-file-events.dll
Event: 1.287 Loaded shared library C:\Users\pinku\.vscode\extensions\redhat.java-1.33.0-win32-x64\jre\17.0.11-win32-x86_64\bin\management.dll
Event: 1.291 Loaded shared library C:\Users\pinku\.vscode\extensions\redhat.java-1.33.0-win32-x64\jre\17.0.11-win32-x86_64\bin\management_ext.dll
Event: 1.530 Loaded shared library C:\Users\pinku\.vscode\extensions\redhat.java-1.33.0-win32-x64\jre\17.0.11-win32-x86_64\bin\extnet.dll
Event: 1.803 Loaded shared library C:\Users\pinku\.vscode\extensions\redhat.java-1.33.0-win32-x64\jre\17.0.11-win32-x86_64\bin\sunmscapi.dll

Deoptimization events (20 events):
Event: 46.162 Thread 0x0000027f0ebaca50 Uncommon trap: trap_request=0xffffffde fr.pc=0x0000027f74e56ccc relative=0x000000000000010c
Event: 46.162 Thread 0x0000027f0ebaca50 Uncommon trap: reason=class_check action=maybe_recompile pc=0x0000027f74e56ccc method=sun.nio.ch.IOUtil.writeFromNativeBuffer(Ljava/io/FileDescriptor;Ljava/nio/ByteBuffer;JZZILsun/nio/ch/NativeDispatcher;)I @ 132 c2
Event: 46.162 Thread 0x0000027f0ebaca50 DEOPT PACKING pc=0x0000027f74e56ccc sp=0x000000a6655fb130
Event: 46.162 Thread 0x0000027f0ebaca50 DEOPT UNPACKING pc=0x0000027f740a69a3 sp=0x000000a6655fb0a0 mode 2
Event: 46.162 Thread 0x0000027f0ebaca50 Uncommon trap: trap_request=0xffffffde fr.pc=0x0000027f74e56124 relative=0x0000000000000264
Event: 46.162 Thread 0x0000027f0ebaca50 Uncommon trap: reason=class_check action=maybe_recompile pc=0x0000027f74e56124 method=sun.nio.ch.IOUtil.write(Ljava/io/FileDescriptor;Ljava/nio/ByteBuffer;JZZILsun/nio/ch/NativeDispatcher;)I @ 1 c2
Event: 46.162 Thread 0x0000027f0ebaca50 DEOPT PACKING pc=0x0000027f74e56124 sp=0x000000a6655fb220
Event: 46.162 Thread 0x0000027f0ebaca50 DEOPT UNPACKING pc=0x0000027f740a69a3 sp=0x000000a6655fb1a8 mode 2
Event: 46.162 Thread 0x0000027f0ebaca50 Uncommon trap: trap_request=0xffffffde fr.pc=0x0000027f74e56ccc relative=0x000000000000010c
Event: 46.162 Thread 0x0000027f0ebaca50 Uncommon trap: reason=class_check action=maybe_recompile pc=0x0000027f74e56ccc method=sun.nio.ch.IOUtil.writeFromNativeBuffer(Ljava/io/FileDescriptor;Ljava/nio/ByteBuffer;JZZILsun/nio/ch/NativeDispatcher;)I @ 132 c2
Event: 46.162 Thread 0x0000027f0ebaca50 DEOPT PACKING pc=0x0000027f74e56ccc sp=0x000000a6655fb130
Event: 46.162 Thread 0x0000027f0ebaca50 DEOPT UNPACKING pc=0x0000027f740a69a3 sp=0x000000a6655fb0a0 mode 2
Event: 46.162 Thread 0x0000027f0ebaca50 Uncommon trap: trap_request=0xffffffde fr.pc=0x0000027f74e56124 relative=0x0000000000000264
Event: 46.162 Thread 0x0000027f0ebaca50 Uncommon trap: reason=class_check action=maybe_recompile pc=0x0000027f74e56124 method=sun.nio.ch.IOUtil.write(Ljava/io/FileDescriptor;Ljava/nio/ByteBuffer;JZZILsun/nio/ch/NativeDispatcher;)I @ 1 c2
Event: 46.162 Thread 0x0000027f0ebaca50 DEOPT PACKING pc=0x0000027f74e56124 sp=0x000000a6655fb220
Event: 46.162 Thread 0x0000027f0ebaca50 DEOPT UNPACKING pc=0x0000027f740a69a3 sp=0x000000a6655fb1a8 mode 2
Event: 46.162 Thread 0x0000027f0ebaca50 Uncommon trap: trap_request=0xffffffde fr.pc=0x0000027f74e56ccc relative=0x000000000000010c
Event: 46.162 Thread 0x0000027f0ebaca50 Uncommon trap: reason=class_check action=maybe_recompile pc=0x0000027f74e56ccc method=sun.nio.ch.IOUtil.writeFromNativeBuffer(Ljava/io/FileDescriptor;Ljava/nio/ByteBuffer;JZZILsun/nio/ch/NativeDispatcher;)I @ 132 c2
Event: 46.162 Thread 0x0000027f0ebaca50 DEOPT PACKING pc=0x0000027f74e56ccc sp=0x000000a6655fb130
Event: 46.162 Thread 0x0000027f0ebaca50 DEOPT UNPACKING pc=0x0000027f740a69a3 sp=0x000000a6655fb0a0 mode 2

Classes unloaded (0 events):
No events

Classes redefined (0 events):
No events

Internal exceptions (20 events):
Event: 45.704 Thread 0x0000027f0ebaca50 Exception <a 'java/lang/ClassNotFoundException'{0x00000007090ca4a8}: org/gradle/internal/os/OperatingSystem$WindowsBeanInfo> (0x00000007090ca4a8) 
thrown [s\src\hotspot\share\classfile\systemDictionary.cpp, line 256]
Event: 45.704 Thread 0x0000027f0ebaca50 Exception <a 'java/lang/ClassNotFoundException'{0x00000007090d4910}: org/gradle/internal/os/OperatingSystem$WindowsCustomizer> (0x00000007090d4910) 
thrown [s\src\hotspot\share\classfile\systemDictionary.cpp, line 256]
Event: 45.731 Thread 0x0000027f0ebaca50 Exception <a 'java/lang/ClassNotFoundException'{0x00000007091de3f0}: org/gradle/process/internal/DefaultExecAction_DecoratedBeanInfo> (0x00000007091de3f0) 
thrown [s\src\hotspot\share\classfile\systemDictionary.cpp, line 256]
Event: 45.732 Thread 0x0000027f0ebaca50 Exception <a 'java/lang/ClassNotFoundException'{0x00000007091e9c58}: org/gradle/process/internal/DefaultExecActionBeanInfo> (0x00000007091e9c58) 
thrown [s\src\hotspot\share\classfile\systemDictionary.cpp, line 256]
Event: 45.732 Thread 0x0000027f0ebaca50 Exception <a 'java/lang/ClassNotFoundException'{0x00000007091f5568}: org/gradle/process/internal/DefaultExecHandleBuilderBeanInfo> (0x00000007091f5568) 
thrown [s\src\hotspot\share\classfile\systemDictionary.cpp, line 256]
Event: 45.733 Thread 0x0000027f0ebaca50 Exception <a 'java/lang/ClassNotFoundException'{0x0000000708e02078}: org/gradle/process/internal/AbstractExecHandleBuilderBeanInfo> (0x0000000708e02078) 
thrown [s\src\hotspot\share\classfile\systemDictionary.cpp, line 256]
Event: 45.733 Thread 0x0000027f0ebaca50 Exception <a 'java/lang/ClassNotFoundException'{0x0000000708e0e980}: org/gradle/process/internal/DefaultProcessForkOptionsBeanInfo> (0x0000000708e0e980) 
thrown [s\src\hotspot\share\classfile\systemDictionary.cpp, line 256]
Event: 45.734 Thread 0x0000027f0ebaca50 Exception <a 'java/lang/ClassNotFoundException'{0x0000000708e1b540}: org/gradle/process/internal/DefaultProcessForkOptionsCustomizer> (0x0000000708e1b540) 
thrown [s\src\hotspot\share\classfile\systemDictionary.cpp, line 256]
Event: 45.734 Thread 0x0000027f0ebaca50 Exception <a 'java/lang/ClassNotFoundException'{0x0000000708e347c0}: org/gradle/process/internal/AbstractExecHandleBuilderCustomizer> (0x0000000708e347c0) 
thrown [s\src\hotspot\share\classfile\systemDictionary.cpp, line 256]
Event: 45.735 Thread 0x0000027f0ebaca50 Exception <a 'java/lang/ClassNotFoundException'{0x0000000708e52918}: org/gradle/process/internal/DefaultExecHandleBuilderCustomizer> (0x0000000708e52918) 
thrown [s\src\hotspot\share\classfile\systemDictionary.cpp, line 256]
Event: 45.738 Thread 0x0000027f0ebaca50 Exception <a 'java/lang/ClassNotFoundException'{0x0000000708e8c500}: org/gradle/process/internal/DefaultExecActionCustomizer> (0x0000000708e8c500) 
thrown [s\src\hotspot\share\classfile\systemDictionary.cpp, line 256]
Event: 45.739 Thread 0x0000027f0ebaca50 Exception <a 'java/lang/ClassNotFoundException'{0x0000000708ea1e50}: org/gradle/process/internal/DefaultExecAction_DecoratedCustomizer> (0x0000000708ea1e50) 
thrown [s\src\hotspot\share\classfile\systemDictionary.cpp, line 256]
Event: 45.773 Thread 0x0000027f0e433fb0 Exception <a 'java/lang/NoSuchMethodError'{0x0000000708f98740}: 'void java.lang.invoke.DirectMethodHandle$Holder.invokeStatic(java.lang.Object, long)'> (0x0000000708f98740) 
thrown [s\src\hotspot\share\interpreter\linkResolver.cpp, line 759]
Event: 45.773 Thread 0x0000027f0e433fb0 Exception <a 'java/lang/NoSuchMethodError'{0x0000000708f9daa8}: 'java.lang.Object java.lang.invoke.DirectMethodHandle$Holder.newInvokeSpecial(java.lang.Object, long)'> (0x0000000708f9daa8) 
thrown [s\src\hotspot\share\interpreter\linkResolver.cpp, line 759]
Event: 45.775 Thread 0x0000027f0e433fb0 Exception <a 'java/lang/NoSuchMethodError'{0x0000000708fa4710}: 'java.lang.Object java.lang.invoke.DirectMethodHandle$Holder.invokeStatic(java.lang.Object, java.lang.Object, long, java.lang.Object)'> (0x0000000708fa4710) 
thrown [s\src\hotspot\share\interpreter\linkResolver.cpp, line 759]
Event: 45.776 Thread 0x0000027f0e433fb0 Exception <a 'java/lang/NoSuchMethodError'{0x0000000708fa7ee8}: 'java.lang.Object java.lang.invoke.DirectMethodHandle$Holder.invokeStaticInit(java.lang.Object, java.lang.Object, long, java.lang.Object)'> (0x0000000708fa7ee8) 
thrown [s\src\hotspot\share\interpreter\linkResolver.cpp, line 759]
Event: 46.125 Thread 0x0000027f0ebaca50 Exception <a 'java/lang/reflect/InvocationTargetException'{0x0000000708f13308}> (0x0000000708f13308) 
thrown [s\src\hotspot\share\runtime\reflection.cpp, line 1121]
Event: 46.125 Thread 0x0000027f0ebaca50 Exception <a 'java/lang/reflect/InvocationTargetException'{0x0000000708f14320}> (0x0000000708f14320) 
thrown [s\src\hotspot\share\runtime\reflection.cpp, line 1121]
Event: 46.129 Thread 0x0000027f0ebabb20 Exception <a 'java/lang/NoSuchMethodError'{0x00000007093d3950}: static Lorg/gradle/internal/build/event/types/DefaultFailureResult;.<clinit>()V> (0x00000007093d3950) 
thrown [s\src\hotspot\share\prims\jni.cpp, line 1112]
Event: 46.130 Thread 0x0000027f0ebabb20 Exception <a 'java/lang/NoSuchMethodError'{0x0000000708cd6e18}: static Lorg/gradle/internal/build/event/types/DefaultFailure;.<clinit>()V> (0x0000000708cd6e18) 
thrown [s\src\hotspot\share\prims\jni.cpp, line 1112]

VM Operations (20 events):
Event: 44.553 Executing VM operation: HandshakeAllThreads
Event: 44.554 Executing VM operation: HandshakeAllThreads done
Event: 44.559 Executing VM operation: HandshakeAllThreads
Event: 44.560 Executing VM operation: HandshakeAllThreads done
Event: 45.245 Executing VM operation: G1CollectForAllocation
Event: 45.250 Executing VM operation: G1CollectForAllocation done
Event: 45.318 Executing VM operation: G1PauseRemark
Event: 45.326 Executing VM operation: G1PauseRemark done
Event: 45.356 Executing VM operation: G1PauseCleanup
Event: 45.357 Executing VM operation: G1PauseCleanup done
Event: 45.779 Executing VM operation: HandshakeAllThreads
Event: 45.779 Executing VM operation: HandshakeAllThreads done
Event: 46.124 Executing VM operation: HandshakeAllThreads
Event: 46.125 Executing VM operation: HandshakeAllThreads done
Event: 46.153 Executing VM operation: HandshakeAllThreads
Event: 46.154 Executing VM operation: HandshakeAllThreads done
Event: 46.162 Executing VM operation: HandshakeAllThreads
Event: 46.163 Executing VM operation: HandshakeAllThreads done
Event: 46.171 Executing VM operation: HandshakeAllThreads
Event: 46.172 Executing VM operation: HandshakeAllThreads done

Events (20 events):
Event: 45.777 loading class java/lang/Process$PipeInputStream done
Event: 45.780 loading class jdk/internal/event/ProcessStartEvent
Event: 45.780 loading class jdk/internal/event/ProcessStartEvent done
Event: 45.782 Thread 0x0000027f0e4344c0 Thread added: 0x0000027f0e4344c0
Event: 45.782 Thread 0x0000027f0e4302f0 Thread added: 0x0000027f0e4302f0
Event: 46.126 loading class java/lang/Throwable$WrappedPrintWriter
Event: 46.126 loading class java/lang/Throwable$PrintStreamOrWriter
Event: 46.126 loading class java/lang/Throwable$PrintStreamOrWriter done
Event: 46.126 loading class java/lang/Throwable$WrappedPrintWriter done
Event: 46.127 loading class java/lang/StackTraceElement$HashedModules
Event: 46.127 loading class java/lang/StackTraceElement$HashedModules done
Event: 46.143 loading class java/util/logging/LogRecord
Event: 46.143 loading class java/util/logging/LogRecord done
Event: 46.144 loading class java/time/Clock
Event: 46.144 loading class java/time/InstantSource
Event: 46.144 loading class java/time/InstantSource done
Event: 46.144 loading class java/time/Clock done
Event: 46.147 loading class java/lang/Math$RandomNumberGeneratorHolder
Event: 46.147 loading class java/lang/Math$RandomNumberGeneratorHolder done
Event: 46.173 Thread 0x0000027f0d0b3b00 flushing nmethod 0x0000027f6d216710


Dynamic libraries:
0x00007ff667920000 - 0x00007ff66792e000 	C:\Users\pinku\.vscode\extensions\redhat.java-1.33.0-win32-x64\jre\17.0.11-win32-x86_64\bin\java.exe
0x00007ffbce1f0000 - 0x00007ffbce407000 	C:\WINDOWS\SYSTEM32\ntdll.dll
0x00007ffbab120000 - 0x00007ffbab13a000 	C:\Program Files\Avast Software\Avast\aswhook.dll
0x00007ffbcc480000 - 0x00007ffbcc544000 	C:\WINDOWS\System32\KERNEL32.DLL
0x00007ffbcb7a0000 - 0x00007ffbcbb4d000 	C:\WINDOWS\System32\KERNELBASE.dll
0x00007ffbcbb50000 - 0x00007ffbcbc61000 	C:\WINDOWS\System32\ucrtbase.dll
0x00007ffbb0cc0000 - 0x00007ffbb0cd7000 	C:\Users\pinku\.vscode\extensions\redhat.java-1.33.0-win32-x64\jre\17.0.11-win32-x86_64\bin\jli.dll
0x00007ffbb0a00000 - 0x00007ffbb0a1b000 	C:\Users\pinku\.vscode\extensions\redhat.java-1.33.0-win32-x64\jre\17.0.11-win32-x86_64\bin\VCRUNTIME140.dll
0x00007ffbcdd00000 - 0x00007ffbcdeae000 	C:\WINDOWS\System32\USER32.dll
0x00007ffbcbe70000 - 0x00007ffbcbe96000 	C:\WINDOWS\System32\win32u.dll
0x00007ffbcc550000 - 0x00007ffbcc579000 	C:\WINDOWS\System32\GDI32.dll
0x00007ffbb2c80000 - 0x00007ffbb2f13000 	C:\WINDOWS\WinSxS\amd64_microsoft.windows.common-controls_6595b64144ccf1df_6.0.22621.3672_none_2713b9d173822955\COMCTL32.dll
0x00007ffbcb680000 - 0x00007ffbcb799000 	C:\WINDOWS\System32\gdi32full.dll
0x00007ffbcc6a0000 - 0x00007ffbcc747000 	C:\WINDOWS\System32\msvcrt.dll
0x00007ffbcbdd0000 - 0x00007ffbcbe6a000 	C:\WINDOWS\System32\msvcp_win.dll
0x00007ffbcceb0000 - 0x00007ffbccee1000 	C:\WINDOWS\System32\IMM32.DLL
0x00007ffbc3330000 - 0x00007ffbc333c000 	C:\Users\pinku\.vscode\extensions\redhat.java-1.33.0-win32-x64\jre\17.0.11-win32-x86_64\bin\vcruntime140_1.dll
0x00007ffb3de60000 - 0x00007ffb3deed000 	C:\Users\pinku\.vscode\extensions\redhat.java-1.33.0-win32-x64\jre\17.0.11-win32-x86_64\bin\msvcp140.dll
0x00007ffb249d0000 - 0x00007ffb25632000 	C:\Users\pinku\.vscode\extensions\redhat.java-1.33.0-win32-x64\jre\17.0.11-win32-x86_64\bin\server\jvm.dll
0x00007ffbcc2c0000 - 0x00007ffbcc372000 	C:\WINDOWS\System32\ADVAPI32.dll
0x00007ffbcbf20000 - 0x00007ffbcbfc9000 	C:\WINDOWS\System32\sechost.dll
0x00007ffbcbce0000 - 0x00007ffbcbd08000 	C:\WINDOWS\System32\bcrypt.dll
0x00007ffbcdbe0000 - 0x00007ffbcdcf4000 	C:\WINDOWS\System32\RPCRT4.dll
0x00007ffbacd60000 - 0x00007ffbacd69000 	C:\WINDOWS\SYSTEM32\WSOCK32.dll
0x00007ffbcc240000 - 0x00007ffbcc2b1000 	C:\WINDOWS\System32\WS2_32.dll
0x00007ffbca360000 - 0x00007ffbca3ad000 	C:\WINDOWS\SYSTEM32\POWRPROF.dll
0x00007ffbc26f0000 - 0x00007ffbc2724000 	C:\WINDOWS\SYSTEM32\WINMM.dll
0x00007ffbc2a20000 - 0x00007ffbc2a2a000 	C:\WINDOWS\SYSTEM32\VERSION.dll
0x00007ffbca340000 - 0x00007ffbca353000 	C:\WINDOWS\SYSTEM32\UMPDC.dll
0x00007ffbca590000 - 0x00007ffbca5a8000 	C:\WINDOWS\SYSTEM32\kernel.appcore.dll
0x00007ffbbff30000 - 0x00007ffbbff3a000 	C:\Users\pinku\.vscode\extensions\redhat.java-1.33.0-win32-x64\jre\17.0.11-win32-x86_64\bin\jimage.dll
0x00007ffbc8650000 - 0x00007ffbc8882000 	C:\WINDOWS\SYSTEM32\DBGHELP.DLL
0x00007ffbcc900000 - 0x00007ffbccc8d000 	C:\WINDOWS\System32\combase.dll
0x00007ffbcc380000 - 0x00007ffbcc457000 	C:\WINDOWS\System32\OLEAUT32.dll
0x00007ffbc0870000 - 0x00007ffbc08a2000 	C:\WINDOWS\SYSTEM32\dbgcore.DLL
0x00007ffbcbea0000 - 0x00007ffbcbf1b000 	C:\WINDOWS\System32\bcryptPrimitives.dll
0x00007ffbaf9b0000 - 0x00007ffbaf9d5000 	C:\Users\pinku\.vscode\extensions\redhat.java-1.33.0-win32-x64\jre\17.0.11-win32-x86_64\bin\java.dll
0x00007ffbaef50000 - 0x00007ffbaef68000 	C:\Users\pinku\.vscode\extensions\redhat.java-1.33.0-win32-x64\jre\17.0.11-win32-x86_64\bin\zip.dll
0x00007ffbccef0000 - 0x00007ffbcd758000 	C:\WINDOWS\System32\SHELL32.dll
0x00007ffbc9420000 - 0x00007ffbc9d1e000 	C:\WINDOWS\SYSTEM32\windows.storage.dll
0x00007ffbc92e0000 - 0x00007ffbc941f000 	C:\WINDOWS\SYSTEM32\wintypes.dll
0x00007ffbcc5a0000 - 0x00007ffbcc699000 	C:\WINDOWS\System32\SHCORE.dll
0x00007ffbce150000 - 0x00007ffbce1ae000 	C:\WINDOWS\System32\shlwapi.dll
0x00007ffbcb440000 - 0x00007ffbcb461000 	C:\WINDOWS\SYSTEM32\profapi.dll
0x00007ffba3e00000 - 0x00007ffba3e19000 	C:\Users\pinku\.vscode\extensions\redhat.java-1.33.0-win32-x64\jre\17.0.11-win32-x86_64\bin\net.dll
0x00007ffbc4870000 - 0x00007ffbc49a6000 	C:\WINDOWS\SYSTEM32\WINHTTP.dll
0x00007ffbcaa60000 - 0x00007ffbcaac9000 	C:\WINDOWS\system32\mswsock.dll
0x00007ffba1b40000 - 0x00007ffba1b56000 	C:\Users\pinku\.vscode\extensions\redhat.java-1.33.0-win32-x64\jre\17.0.11-win32-x86_64\bin\nio.dll
0x00007ffbb17d0000 - 0x00007ffbb17e0000 	C:\Users\pinku\.vscode\extensions\redhat.java-1.33.0-win32-x64\jre\17.0.11-win32-x86_64\bin\verify.dll
0x00007ffbb0fc0000 - 0x00007ffbb0fe7000 	C:\Users\pinku\.gradle\native\c067742578af261105cb4f569cf0c3c89f3d7b1fecec35dd04571415982c5e48\windows-amd64\native-platform.dll
0x00007ffbb0d50000 - 0x00007ffbb0e94000 	C:\Users\pinku\.gradle\native\38dada09dfb8b06ba9b0570ebf7e218e3eb74d4ef43ca46872605cf95ebc2f47\windows-amd64\native-platform-file-events.dll
0x00007ffbb1890000 - 0x00007ffbb1899000 	C:\Users\pinku\.vscode\extensions\redhat.java-1.33.0-win32-x64\jre\17.0.11-win32-x86_64\bin\management.dll
0x00007ffbb1800000 - 0x00007ffbb180b000 	C:\Users\pinku\.vscode\extensions\redhat.java-1.33.0-win32-x64\jre\17.0.11-win32-x86_64\bin\management_ext.dll
0x00007ffbcc580000 - 0x00007ffbcc588000 	C:\WINDOWS\System32\PSAPI.DLL
0x00007ffbcac80000 - 0x00007ffbcac9b000 	C:\WINDOWS\SYSTEM32\CRYPTSP.dll
0x00007ffbca550000 - 0x00007ffbca585000 	C:\WINDOWS\system32\rsaenh.dll
0x00007ffbcab20000 - 0x00007ffbcab48000 	C:\WINDOWS\SYSTEM32\USERENV.dll
0x00007ffbcaca0000 - 0x00007ffbcacac000 	C:\WINDOWS\SYSTEM32\CRYPTBASE.dll
0x00007ffbc9ff0000 - 0x00007ffbca01d000 	C:\WINDOWS\SYSTEM32\IPHLPAPI.DLL
0x00007ffbccea0000 - 0x00007ffbccea9000 	C:\WINDOWS\System32\NSI.dll
0x00007ffbc4750000 - 0x00007ffbc4769000 	C:\WINDOWS\SYSTEM32\dhcpcsvc6.DLL
0x00007ffbc4730000 - 0x00007ffbc474f000 	C:\WINDOWS\SYSTEM32\dhcpcsvc.DLL
0x00007ffbca060000 - 0x00007ffbca158000 	C:\WINDOWS\SYSTEM32\DNSAPI.dll
0x00007ffbb1120000 - 0x00007ffbb1129000 	C:\Users\pinku\.vscode\extensions\redhat.java-1.33.0-win32-x64\jre\17.0.11-win32-x86_64\bin\extnet.dll
0x00007ffbb1290000 - 0x00007ffbb129e000 	C:\Users\pinku\.vscode\extensions\redhat.java-1.33.0-win32-x64\jre\17.0.11-win32-x86_64\bin\sunmscapi.dll
0x00007ffbcb510000 - 0x00007ffbcb677000 	C:\WINDOWS\System32\CRYPT32.dll
0x00007ffbcaea0000 - 0x00007ffbcaece000 	C:\WINDOWS\SYSTEM32\ncrypt.dll
0x00007ffbcae60000 - 0x00007ffbcae97000 	C:\WINDOWS\SYSTEM32\NTASN1.dll
0x00007ffb83580000 - 0x00007ffb83588000 	C:\WINDOWS\system32\wshunix.dll

dbghelp: loaded successfully - version: 4.0.5 - missing functions: none
symbol engine: initialized successfully - sym options: 0x614 - pdb path: .;C:\Users\pinku\.vscode\extensions\redhat.java-1.33.0-win32-x64\jre\17.0.11-win32-x86_64\bin;C:\WINDOWS\SYSTEM32;C:\Program Files\Avast Software\Avast;C:\WINDOWS\WinSxS\amd64_microsoft.windows.common-controls_6595b64144ccf1df_6.0.22621.3672_none_2713b9d173822955;C:\Users\pinku\.vscode\extensions\redhat.java-1.33.0-win32-x64\jre\17.0.11-win32-x86_64\bin\server;C:\Users\pinku\.gradle\native\c067742578af261105cb4f569cf0c3c89f3d7b1fecec35dd04571415982c5e48\windows-amd64;C:\Users\pinku\.gradle\native\38dada09dfb8b06ba9b0570ebf7e218e3eb74d4ef43ca46872605cf95ebc2f47\windows-amd64

VM Arguments:
jvm_args: -XX:MaxMetaspaceSize=2G -XX:+HeapDumpOnOutOfMemoryError --add-opens=java.base/java.util=ALL-UNNAMED --add-opens=java.base/java.lang=ALL-UNNAMED --add-opens=java.base/java.lang.invoke=ALL-UNNAMED --add-opens=java.prefs/java.util.prefs=ALL-UNNAMED --add-opens=java.base/java.nio.charset=ALL-UNNAMED --add-opens=java.base/java.net=ALL-UNNAMED --add-opens=java.base/java.util.concurrent.atomic=ALL-UNNAMED -Xmx4G -Dfile.encoding=utf8 -Duser.country=PH -Duser.language=en -Duser.variant 
java_command: org.gradle.launcher.daemon.bootstrap.GradleDaemon 7.6.3
java_class_path (initial): C:\Users\pinku\.gradle\wrapper\dists\gradle-7.6.3-all\aocdy2d2z8kodnny3rsumj8i8\gradle-7.6.3\lib\gradle-launcher-7.6.3.jar
Launcher Type: SUN_STANDARD

[Global flags]
     intx CICompilerCount                          = 12                                        {product} {ergonomic}
     uint ConcGCThreads                            = 3                                         {product} {ergonomic}
     uint G1ConcRefinementThreads                  = 13                                        {product} {ergonomic}
   size_t G1HeapRegionSize                         = 2097152                                   {product} {ergonomic}
    uintx GCDrainStackTargetSize                   = 64                                        {product} {ergonomic}
     bool HeapDumpOnOutOfMemoryError               = true                                   {manageable} {command line}
   size_t InitialHeapSize                          = 264241152                                 {product} {ergonomic}
   size_t MarkStackSize                            = 4194304                                   {product} {ergonomic}
   size_t MaxHeapSize                              = 4294967296                                {product} {command line}
   size_t MaxMetaspaceSize                         = 2147483648                                {product} {command line}
   size_t MaxNewSize                               = 2575302656                                {product} {ergonomic}
   size_t MinHeapDeltaBytes                        = 2097152                                   {product} {ergonomic}
   size_t MinHeapSize                              = 8388608                                   {product} {ergonomic}
    uintx NonNMethodCodeHeapSize                   = 7602480                                {pd product} {ergonomic}
    uintx NonProfiledCodeHeapSize                  = 122027880                              {pd product} {ergonomic}
    uintx ProfiledCodeHeapSize                     = 122027880                              {pd product} {ergonomic}
    uintx ReservedCodeCacheSize                    = 251658240                              {pd product} {ergonomic}
     bool SegmentedCodeCache                       = true                                      {product} {ergonomic}
   size_t SoftMaxHeapSize                          = 4294967296                             {manageable} {ergonomic}
     bool UseCompressedClassPointers               = true                           {product lp64_product} {ergonomic}
     bool UseCompressedOops                        = true                           {product lp64_product} {ergonomic}
     bool UseG1GC                                  = true                                      {product} {ergonomic}
     bool UseLargePagesIndividualAllocation        = false                                  {pd product} {ergonomic}

Logging:
Log output configuration:
 #0: stdout all=warning uptime,level,tags
 #1: stderr all=off uptime,level,tags

Environment Variables:
PATH=C:\Program Files\Common Files\Oracle\Java\javapath;C:\Windows\system32;C:\Windows;C:\Windows\System32\Wbem;C:\Windows\System32\WindowsPowerShell\v1.0\;C:\Windows\System32\OpenSSH\;C:\Program Files (x86)\NVIDIA Corporation\PhysX\Common;C:\Program Files\NVIDIA Corporation\NVIDIA NvDLISR;C:\WINDOWS\system32;C:\WINDOWS;C:\WINDOWS\System32\Wbem;C:\WINDOWS\System32\WindowsPowerShell\v1.0\;C:\WINDOWS\System32\OpenSSH\;C:\Program Files\dotnet\;C:\Program Files\MATLAB\R2023b\bin;C:\Program Files\CMake\bin;C:\Program Files (x86)\Windows Kits\10\Windows Performance Toolkit\;C:\Program Files\Git\cmd;C:\Program Files\Microsoft SQL Server\150\Tools\Binn\;%NVM_HOME%;%NVM_SYMLINK%;C:\Program Files\nodejs\;C:\Users\pinku\AppData\Local\Programs\Python\Launcher\;C:\Users\pinku\AppData\Local\Microsoft\WindowsApps;C:\Users\pinku\AppData\Local\Programs\Microsoft VS Code\bin;C:\flutter\bin;C:\msys64\ucrt64\bin;C:\Users\pinku\AppData\Local\Packages\PythonSoftwareFoundation.Python.3.12_qbz5n2kfra8p0\LocalCache\local-packages\Python312\Scripts;C:\Users\pinku\AppData\Local\spicetify;C:\Users\pinku\Documents\Arduino\libraries;C:\Users\pinku\AppData\Local\GitHubDesktop\bin;C:\adb;C:\Users\pinku\AppData\Local\Pub\Cache\bin;C:\Users\pinku\AppData\Roaming\nvm;C:\Program Files\nodejs;C:\Users\pinku\AppData\Roaming\npm
USERNAME=pinku
OS=Windows_NT
PROCESSOR_IDENTIFIER=Intel64 Family 6 Model 154 Stepping 3, GenuineIntel
TMP=C:\Users\pinku\AppData\Local\Temp
TEMP=C:\Users\pinku\AppData\Local\Temp



Periodic native trim disabled


---------------  S Y S T E M  ---------------

OS:
 Windows 11 , 64 bit Build 22621 (10.0.22621.3958)
OS uptime: 0 days 3:56 hours
Hyper-V role detected

CPU: total 16 (initial active 16) (8 cores per cpu, 2 threads per core) family 6 model 154 stepping 3 microcode 0x423, cx8, cmov, fxsr, ht, mmx, 3dnowpref, sse, sse2, sse3, ssse3, sse4.1, sse4.2, popcnt, lzcnt, tsc, tscinvbit, avx, avx2, aes, erms, clmul, bmi1, bmi2, adx, sha, fma, vzeroupper, clflush, clflushopt, clwb, hv
Processor Information for processor 0
  Max Mhz: 3100, Current Mhz: 3100, Mhz Limit: 3100
Processor Information for processor 1
  Max Mhz: 3100, Current Mhz: 3100, Mhz Limit: 3100
Processor Information for processor 2
  Max Mhz: 3100, Current Mhz: 3100, Mhz Limit: 3100
Processor Information for processor 3
  Max Mhz: 3100, Current Mhz: 3100, Mhz Limit: 3100
Processor Information for processor 4
  Max Mhz: 3100, Current Mhz: 3100, Mhz Limit: 3100
Processor Information for processor 5
  Max Mhz: 3100, Current Mhz: 3100, Mhz Limit: 3100
Processor Information for processor 6
  Max Mhz: 3100, Current Mhz: 3100, Mhz Limit: 3100
Processor Information for processor 7
  Max Mhz: 3100, Current Mhz: 3100, Mhz Limit: 3100
Processor Information for processor 8
  Max Mhz: 3100, Current Mhz: 2232, Mhz Limit: 2232
Processor Information for processor 9
  Max Mhz: 3100, Current Mhz: 2232, Mhz Limit: 2232
Processor Information for processor 10
  Max Mhz: 3100, Current Mhz: 2232, Mhz Limit: 2232
Processor Information for processor 11
  Max Mhz: 3100, Current Mhz: 2232, Mhz Limit: 2232
Processor Information for processor 12
  Max Mhz: 3100, Current Mhz: 2232, Mhz Limit: 2232
Processor Information for processor 13
  Max Mhz: 3100, Current Mhz: 2232, Mhz Limit: 2232
Processor Information for processor 14
  Max Mhz: 3100, Current Mhz: 2232, Mhz Limit: 2232
Processor Information for processor 15
  Max Mhz: 3100, Current Mhz: 2232, Mhz Limit: 2232

Memory: 4k page, system-wide physical 16088M (509M free)
TotalPageFile size 26088M (AvailPageFile size 100M)
current process WorkingSet (physical memory assigned to process): 460M, peak: 484M
current process commit charge ("private bytes"): 513M, peak: 539M

vm_info: OpenJDK 64-Bit Server VM (17.0.11+9) for windows-amd64 JRE (17.0.11+9), built on Apr 17 2024 06:07:48 by "admin" with MS VC++ 16.10 / 16.11 (VS2019)

END.
